[0.011s] Invoking command in '/home/user/vacuum_robot_ws/build/robot_description': CMAKE_PREFIX_PATH=${CMAKE_PREFIX_PATH}:/home/user/vacuum_robot_ws/install/serial_motor_control:/opt/ros/humble /usr/bin/cmake --build /home/user/vacuum_robot_ws/build/robot_description -- -j12 -l12
[0.045s] Invoked command in '/home/user/vacuum_robot_ws/build/robot_description' returned '0': CMAKE_PREFIX_PATH=${CMAKE_PREFIX_PATH}:/home/user/vacuum_robot_ws/install/serial_motor_control:/opt/ros/humble /usr/bin/cmake --build /home/user/vacuum_robot_ws/build/robot_description -- -j12 -l12
[0.055s] Invoking command in '/home/user/vacuum_robot_ws/build/robot_description': CMAKE_PREFIX_PATH=${CMAKE_PREFIX_PATH}:/home/user/vacuum_robot_ws/install/serial_motor_control:/opt/ros/humble /usr/bin/cmake --install /home/user/vacuum_robot_ws/build/robot_description
[0.065s] -- Install configuration: ""
[0.065s] -- Up-to-date: /home/user/vacuum_robot_ws/install/robot_description/share/robot_description/config
[0.066s] -- Up-to-date: /home/user/vacuum_robot_ws/install/robot_description/share/robot_description/config/empty.yaml
[0.066s] -- Up-to-date: /home/user/vacuum_robot_ws/install/robot_description/share/robot_description/description
[0.066s] -- Up-to-date: /home/user/vacuum_robot_ws/install/robot_description/share/robot_description/description/robot.urdf.xacro
[0.066s] -- Up-to-date: /home/user/vacuum_robot_ws/install/robot_description/share/robot_description/description/robot_core.xacro
[0.066s] -- Up-to-date: /home/user/vacuum_robot_ws/install/robot_description/share/robot_description/launch
[0.067s] -- Up-to-date: /home/user/vacuum_robot_ws/install/robot_description/share/robot_description/launch/rsp.launch.py
[0.067s] -- Up-to-date: /home/user/vacuum_robot_ws/install/robot_description/share/robot_description/worlds
[0.067s] -- Up-to-date: /home/user/vacuum_robot_ws/install/robot_description/share/robot_description/worlds/empty.world
[0.067s] -- Up-to-date: /home/user/vacuum_robot_ws/install/robot_description/share/ament_index/resource_index/package_run_dependencies/robot_description
[0.067s] -- Up-to-date: /home/user/vacuum_robot_ws/install/robot_description/share/ament_index/resource_index/parent_prefix_path/robot_description
[0.067s] -- Up-to-date: /home/user/vacuum_robot_ws/install/robot_description/share/robot_description/environment/ament_prefix_path.sh
[0.068s] -- Up-to-date: /home/user/vacuum_robot_ws/install/robot_description/share/robot_description/environment/ament_prefix_path.dsv
[0.068s] -- Up-to-date: /home/user/vacuum_robot_ws/install/robot_description/share/robot_description/environment/path.sh
[0.068s] -- Up-to-date: /home/user/vacuum_robot_ws/install/robot_description/share/robot_description/environment/path.dsv
[0.068s] -- Up-to-date: /home/user/vacuum_robot_ws/install/robot_description/share/robot_description/local_setup.bash
[0.068s] -- Up-to-date: /home/user/vacuum_robot_ws/install/robot_description/share/robot_description/local_setup.sh
[0.068s] -- Up-to-date: /home/user/vacuum_robot_ws/install/robot_description/share/robot_description/local_setup.zsh
[0.069s] -- Up-to-date: /home/user/vacuum_robot_ws/install/robot_description/share/robot_description/local_setup.dsv
[0.069s] -- Up-to-date: /home/user/vacuum_robot_ws/install/robot_description/share/robot_description/package.dsv
[0.069s] -- Up-to-date: /home/user/vacuum_robot_ws/install/robot_description/share/ament_index/resource_index/packages/robot_description
[0.069s] -- Up-to-date: /home/user/vacuum_robot_ws/install/robot_description/share/robot_description/cmake/robot_descriptionConfig.cmake
[0.070s] -- Up-to-date: /home/user/vacuum_robot_ws/install/robot_description/share/robot_description/cmake/robot_descriptionConfig-version.cmake
[0.070s] -- Up-to-date: /home/user/vacuum_robot_ws/install/robot_description/share/robot_description/package.xml
[0.072s] Invoked command in '/home/user/vacuum_robot_ws/build/robot_description' returned '0': CMAKE_PREFIX_PATH=${CMAKE_PREFIX_PATH}:/home/user/vacuum_robot_ws/install/serial_motor_control:/opt/ros/humble /usr/bin/cmake --install /home/user/vacuum_robot_ws/build/robot_description
