running egg_info
writing ../../../build/serial_motor_control/serial_motor_control.egg-info/PKG-INFO
writing dependency_links to ../../../build/serial_motor_control/serial_motor_control.egg-info/dependency_links.txt
writing entry points to ../../../build/serial_motor_control/serial_motor_control.egg-info/entry_points.txt
writing requirements to ../../../build/serial_motor_control/serial_motor_control.egg-info/requires.txt
writing top-level names to ../../../build/serial_motor_control/serial_motor_control.egg-info/top_level.txt
reading manifest file '../../../build/serial_motor_control/serial_motor_control.egg-info/SOURCES.txt'
writing manifest file '../../../build/serial_motor_control/serial_motor_control.egg-info/SOURCES.txt'
running build
running build_py
copying serial_motor_control/gui.py -> /home/user/vacuum_robot_ws/build/serial_motor_control/build/lib/serial_motor_control
running install
running install_lib
copying /home/user/vacuum_robot_ws/build/serial_motor_control/build/lib/serial_motor_control/gui.py -> /home/user/vacuum_robot_ws/install/serial_motor_control/lib/python3.10/site-packages/serial_motor_control
byte-compiling /home/user/vacuum_robot_ws/install/serial_motor_control/lib/python3.10/site-packages/serial_motor_control/gui.py to gui.cpython-310.pyc
running install_data
running install_egg_info
removing '/home/user/vacuum_robot_ws/install/serial_motor_control/lib/python3.10/site-packages/serial_motor_control-0.0.0-py3.10.egg-info' (and everything under it)
Copying ../../../build/serial_motor_control/serial_motor_control.egg-info to /home/user/vacuum_robot_ws/install/serial_motor_control/lib/python3.10/site-packages/serial_motor_control-0.0.0-py3.10.egg-info
running install_scripts
Installing driver script to /home/user/vacuum_robot_ws/install/serial_motor_control/lib/serial_motor_control
Installing gui script to /home/user/vacuum_robot_ws/install/serial_motor_control/lib/serial_motor_control
writing list of installed files to '/home/user/vacuum_robot_ws/build/serial_motor_control/install.log'
