[0.498s] Invoking command in '/home/user/vacuum_robot_ws/src/serial_motor_control/serial_motor_control': PYTHONPATH=/home/user/vacuum_robot_ws/build/serial_motor_control/prefix_override:/usr/lib/python3/dist-packages/colcon_core/task/python/colcon_distutils_commands:/home/user/vacuum_robot_ws/install/serial_motor_control/lib/python3.10/site-packages:${PYTHONPATH} /usr/bin/python3 -W ignore:setup.py install is deprecated -W ignore:easy_install command is deprecated setup.py egg_info --egg-base ../../../build/serial_motor_control build --build-base /home/user/vacuum_robot_ws/build/serial_motor_control/build install --record /home/user/vacuum_robot_ws/build/serial_motor_control/install.log --install-scripts $base/lib/serial_motor_control --single-version-externally-managed install_data
[0.693s] /usr/lib/python3/dist-packages/setuptools/dist.py:723: UserWarning: Usage of dash-separated 'script-dir' will not be supported in future versions. Please use the underscore name 'script_dir' instead
[0.693s]   warnings.warn(
[0.700s] running egg_info
[0.700s] writing ../../../build/serial_motor_control/serial_motor_control.egg-info/PKG-INFO
[0.701s] writing dependency_links to ../../../build/serial_motor_control/serial_motor_control.egg-info/dependency_links.txt
[0.701s] writing entry points to ../../../build/serial_motor_control/serial_motor_control.egg-info/entry_points.txt
[0.701s] writing requirements to ../../../build/serial_motor_control/serial_motor_control.egg-info/requires.txt
[0.701s] writing top-level names to ../../../build/serial_motor_control/serial_motor_control.egg-info/top_level.txt
[0.703s] reading manifest file '../../../build/serial_motor_control/serial_motor_control.egg-info/SOURCES.txt'
[0.704s] writing manifest file '../../../build/serial_motor_control/serial_motor_control.egg-info/SOURCES.txt'
[0.704s] running build
[0.704s] running build_py
[0.704s] copying serial_motor_control/gui.py -> /home/user/vacuum_robot_ws/build/serial_motor_control/build/lib/serial_motor_control
[0.704s] running install
[0.705s] running install_lib
[0.705s] copying /home/user/vacuum_robot_ws/build/serial_motor_control/build/lib/serial_motor_control/gui.py -> /home/user/vacuum_robot_ws/install/serial_motor_control/lib/python3.10/site-packages/serial_motor_control
[0.706s] byte-compiling /home/user/vacuum_robot_ws/install/serial_motor_control/lib/python3.10/site-packages/serial_motor_control/gui.py to gui.cpython-310.pyc
[0.708s] running install_data
[0.708s] running install_egg_info
[0.709s] removing '/home/user/vacuum_robot_ws/install/serial_motor_control/lib/python3.10/site-packages/serial_motor_control-0.0.0-py3.10.egg-info' (and everything under it)
[0.709s] Copying ../../../build/serial_motor_control/serial_motor_control.egg-info to /home/user/vacuum_robot_ws/install/serial_motor_control/lib/python3.10/site-packages/serial_motor_control-0.0.0-py3.10.egg-info
[0.710s] running install_scripts
[0.729s] Installing driver script to /home/user/vacuum_robot_ws/install/serial_motor_control/lib/serial_motor_control
[0.729s] Installing gui script to /home/user/vacuum_robot_ws/install/serial_motor_control/lib/serial_motor_control
[0.729s] writing list of installed files to '/home/user/vacuum_robot_ws/build/serial_motor_control/install.log'
[0.748s] Invoked command in '/home/user/vacuum_robot_ws/src/serial_motor_control/serial_motor_control' returned '0': PYTHONPATH=/home/user/vacuum_robot_ws/build/serial_motor_control/prefix_override:/usr/lib/python3/dist-packages/colcon_core/task/python/colcon_distutils_commands:/home/user/vacuum_robot_ws/install/serial_motor_control/lib/python3.10/site-packages:${PYTHONPATH} /usr/bin/python3 -W ignore:setup.py install is deprecated -W ignore:easy_install command is deprecated setup.py egg_info --egg-base ../../../build/serial_motor_control build --build-base /home/user/vacuum_robot_ws/build/serial_motor_control/build install --record /home/user/vacuum_robot_ws/build/serial_motor_control/install.log --install-scripts $base/lib/serial_motor_control --single-version-externally-managed install_data
