[0.008s] Invoking command in '/home/user/dev_ws/build/my_bot': CMAKE_PREFIX_PATH=${CMAKE_PREFIX_PATH}:/opt/ros/humble /usr/bin/cmake --build /home/user/dev_ws/build/my_bot -- -j12 -l12
[0.024s] -- Found ament_cmake: 1.3.11 (/opt/ros/humble/share/ament_cmake/cmake)
[0.116s] -- Found ament_lint_auto: 0.12.11 (/opt/ros/humble/share/ament_lint_auto/cmake)
[0.166s] -- Added test 'copyright' to check source files copyright and LICENSE
[0.170s] -- Added test 'flake8' to check Python code syntax and style conventions
[0.171s] -- Added test 'lint_cmake' to check CMake code style
[0.171s] -- Added test 'pep257' to check Python code against some of the docstring style conventions in PEP 257
[0.173s] -- Added test 'xmllint' to check XML markup files
[0.174s] -- Configuring done
[0.176s] -- Generating done
[0.177s] -- Build files have been written to: /home/user/dev_ws/build/my_bot
[0.191s] Invoked command in '/home/user/dev_ws/build/my_bot' returned '0': CMAKE_PREFIX_PATH=${CMAKE_PREFIX_PATH}:/opt/ros/humble /usr/bin/cmake --build /home/user/dev_ws/build/my_bot -- -j12 -l12
[0.198s] Invoking command in '/home/user/dev_ws/build/my_bot': CMAKE_PREFIX_PATH=${CMAKE_PREFIX_PATH}:/opt/ros/humble /usr/bin/cmake --install /home/user/dev_ws/build/my_bot
[0.203s] -- Install configuration: ""
[0.203s] -- Up-to-date: /home/user/dev_ws/install/my_bot/share/my_bot/config
[0.203s] -- Up-to-date: /home/user/dev_ws/install/my_bot/share/my_bot/config/empty.yaml
[0.203s] -- Up-to-date: /home/user/dev_ws/install/my_bot/share/my_bot/description
[0.203s] -- Up-to-date: /home/user/dev_ws/install/my_bot/share/my_bot/description/robot.urdf.xacro
[0.203s] -- Up-to-date: /home/user/dev_ws/install/my_bot/share/my_bot/launch
[0.203s] -- Up-to-date: /home/user/dev_ws/install/my_bot/share/my_bot/launch/rsp.launch.py
[0.203s] -- Up-to-date: /home/user/dev_ws/install/my_bot/share/my_bot/worlds
[0.203s] -- Up-to-date: /home/user/dev_ws/install/my_bot/share/my_bot/worlds/empty.world
[0.203s] -- Up-to-date: /home/user/dev_ws/install/my_bot/share/ament_index/resource_index/package_run_dependencies/my_bot
[0.203s] -- Up-to-date: /home/user/dev_ws/install/my_bot/share/ament_index/resource_index/parent_prefix_path/my_bot
[0.203s] -- Up-to-date: /home/user/dev_ws/install/my_bot/share/my_bot/environment/ament_prefix_path.sh
[0.204s] -- Installing: /home/user/dev_ws/install/my_bot/share/my_bot/environment/ament_prefix_path.dsv
[0.204s] -- Up-to-date: /home/user/dev_ws/install/my_bot/share/my_bot/environment/path.sh
[0.204s] -- Installing: /home/user/dev_ws/install/my_bot/share/my_bot/environment/path.dsv
[0.204s] -- Up-to-date: /home/user/dev_ws/install/my_bot/share/my_bot/local_setup.bash
[0.204s] -- Up-to-date: /home/user/dev_ws/install/my_bot/share/my_bot/local_setup.sh
[0.204s] -- Up-to-date: /home/user/dev_ws/install/my_bot/share/my_bot/local_setup.zsh
[0.204s] -- Installing: /home/user/dev_ws/install/my_bot/share/my_bot/local_setup.dsv
[0.204s] -- Installing: /home/user/dev_ws/install/my_bot/share/my_bot/package.dsv
[0.204s] -- Up-to-date: /home/user/dev_ws/install/my_bot/share/ament_index/resource_index/packages/my_bot
[0.204s] -- Up-to-date: /home/user/dev_ws/install/my_bot/share/my_bot/cmake/my_botConfig.cmake
[0.204s] -- Up-to-date: /home/user/dev_ws/install/my_bot/share/my_bot/cmake/my_botConfig-version.cmake
[0.204s] -- Installing: /home/user/dev_ws/install/my_bot/share/my_bot/package.xml
[0.205s] Invoked command in '/home/user/dev_ws/build/my_bot' returned '0': CMAKE_PREFIX_PATH=${CMAKE_PREFIX_PATH}:/opt/ros/humble /usr/bin/cmake --install /home/user/dev_ws/build/my_bot
