[0.014s] Invoking command in '/home/user/vacuum_robot_ws/build/serial_motor_msgs': CMAKE_PREFIX_PATH=${CMAKE_PREFIX_PATH}:/home/user/vacuum_robot_ws/install/serial_motor_control:/opt/ros/humble /usr/bin/cmake --build /home/user/vacuum_robot_ws/build/serial_motor_msgs -- -j12 -l12
[0.049s] [35m[1mConsolidate compiler generated dependencies of target serial_motor_msgs__rosidl_generator_c[0m
[0.059s] [  2%] Built target serial_motor_msgs__cpp
[0.061s] [ 12%] Built target serial_motor_msgs__rosidl_generator_c
[0.070s] [35m[1mConsolidate compiler generated dependencies of target serial_motor_msgs__rosidl_typesupport_fastrtps_cpp[0m
[0.070s] [35m[1mConsolidate compiler generated dependencies of target serial_motor_msgs__rosidl_typesupport_introspection_cpp[0m
[0.071s] [35m[1mConsolidate compiler generated dependencies of target serial_motor_msgs__rosidl_typesupport_cpp[0m
[0.071s] [ 12%] Built target ament_cmake_python_copy_serial_motor_msgs
[0.071s] [35m[1mConsolidate compiler generated dependencies of target serial_motor_msgs__rosidl_typesupport_c[0m
[0.076s] [35m[1mConsolidate compiler generated dependencies of target serial_motor_msgs__rosidl_typesupport_introspection_c[0m
[0.076s] [35m[1mConsolidate compiler generated dependencies of target serial_motor_msgs__rosidl_typesupport_fastrtps_c[0m
[0.083s] [ 23%] Built target serial_motor_msgs__rosidl_typesupport_c
[0.085s] [ 44%] Built target serial_motor_msgs__rosidl_typesupport_fastrtps_cpp
[0.085s] [ 44%] Built target serial_motor_msgs__rosidl_typesupport_introspection_cpp
[0.087s] [ 55%] Built target serial_motor_msgs__rosidl_typesupport_cpp
[0.090s] [ 65%] Built target serial_motor_msgs__rosidl_typesupport_introspection_c
[0.095s] [ 76%] Built target serial_motor_msgs__rosidl_typesupport_fastrtps_c
[0.113s] [ 76%] Built target serial_motor_msgs
[0.132s] [ 78%] Built target serial_motor_msgs__py
[0.142s] [35m[1mConsolidate compiler generated dependencies of target serial_motor_msgs__rosidl_generator_py[0m
[0.155s] [ 87%] Built target serial_motor_msgs__rosidl_generator_py
[0.164s] [35m[1mConsolidate compiler generated dependencies of target serial_motor_msgs__rosidl_typesupport_fastrtps_c__pyext[0m
[0.164s] [35m[1mConsolidate compiler generated dependencies of target serial_motor_msgs__rosidl_typesupport_introspection_c__pyext[0m
[0.164s] [35m[1mConsolidate compiler generated dependencies of target serial_motor_msgs__rosidl_typesupport_c__pyext[0m
[0.176s] [100%] Built target serial_motor_msgs__rosidl_typesupport_introspection_c__pyext
[0.176s] [100%] Built target serial_motor_msgs__rosidl_typesupport_fastrtps_c__pyext
[0.177s] [100%] Built target serial_motor_msgs__rosidl_typesupport_c__pyext
[0.302s] running egg_info
[0.303s] writing serial_motor_msgs.egg-info/PKG-INFO
[0.303s] writing dependency_links to serial_motor_msgs.egg-info/dependency_links.txt
[0.303s] writing top-level names to serial_motor_msgs.egg-info/top_level.txt
[0.305s] reading manifest file 'serial_motor_msgs.egg-info/SOURCES.txt'
[0.306s] writing manifest file 'serial_motor_msgs.egg-info/SOURCES.txt'
[0.326s] [100%] Built target ament_cmake_python_build_serial_motor_msgs_egg
[0.337s] Invoked command in '/home/user/vacuum_robot_ws/build/serial_motor_msgs' returned '0': CMAKE_PREFIX_PATH=${CMAKE_PREFIX_PATH}:/home/user/vacuum_robot_ws/install/serial_motor_control:/opt/ros/humble /usr/bin/cmake --build /home/user/vacuum_robot_ws/build/serial_motor_msgs -- -j12 -l12
[0.338s] Invoking command in '/home/user/vacuum_robot_ws/build/serial_motor_msgs': CMAKE_PREFIX_PATH=${CMAKE_PREFIX_PATH}:/home/user/vacuum_robot_ws/install/serial_motor_control:/opt/ros/humble /usr/bin/cmake --install /home/user/vacuum_robot_ws/build/serial_motor_msgs
[0.345s] -- Install configuration: ""
[0.345s] -- Up-to-date: /home/user/vacuum_robot_ws/install/serial_motor_msgs/share/ament_index/resource_index/rosidl_interfaces/serial_motor_msgs
[0.346s] -- Up-to-date: /home/user/vacuum_robot_ws/install/serial_motor_msgs/include/serial_motor_msgs/serial_motor_msgs
[0.346s] -- Up-to-date: /home/user/vacuum_robot_ws/install/serial_motor_msgs/include/serial_motor_msgs/serial_motor_msgs/msg
[0.346s] -- Up-to-date: /home/user/vacuum_robot_ws/install/serial_motor_msgs/include/serial_motor_msgs/serial_motor_msgs/msg/motor_command.h
[0.346s] -- Up-to-date: /home/user/vacuum_robot_ws/install/serial_motor_msgs/include/serial_motor_msgs/serial_motor_msgs/msg/detail
[0.346s] -- Up-to-date: /home/user/vacuum_robot_ws/install/serial_motor_msgs/include/serial_motor_msgs/serial_motor_msgs/msg/detail/motor_vels__functions.h
[0.346s] -- Up-to-date: /home/user/vacuum_robot_ws/install/serial_motor_msgs/include/serial_motor_msgs/serial_motor_msgs/msg/detail/motor_command__struct.h
[0.346s] -- Up-to-date: /home/user/vacuum_robot_ws/install/serial_motor_msgs/include/serial_motor_msgs/serial_motor_msgs/msg/detail/motor_command__functions.c
[0.346s] -- Up-to-date: /home/user/vacuum_robot_ws/install/serial_motor_msgs/include/serial_motor_msgs/serial_motor_msgs/msg/detail/motor_command__functions.h
[0.346s] -- Up-to-date: /home/user/vacuum_robot_ws/install/serial_motor_msgs/include/serial_motor_msgs/serial_motor_msgs/msg/detail/encoder_vals__struct.h
[0.346s] -- Up-to-date: /home/user/vacuum_robot_ws/install/serial_motor_msgs/include/serial_motor_msgs/serial_motor_msgs/msg/detail/motor_command__type_support.h
[0.347s] -- Up-to-date: /home/user/vacuum_robot_ws/install/serial_motor_msgs/include/serial_motor_msgs/serial_motor_msgs/msg/detail/motor_vels__functions.c
[0.347s] -- Up-to-date: /home/user/vacuum_robot_ws/install/serial_motor_msgs/include/serial_motor_msgs/serial_motor_msgs/msg/detail/encoder_vals__functions.c
[0.347s] -- Up-to-date: /home/user/vacuum_robot_ws/install/serial_motor_msgs/include/serial_motor_msgs/serial_motor_msgs/msg/detail/encoder_vals__functions.h
[0.347s] -- Up-to-date: /home/user/vacuum_robot_ws/install/serial_motor_msgs/include/serial_motor_msgs/serial_motor_msgs/msg/detail/motor_vels__type_support.h
[0.347s] -- Up-to-date: /home/user/vacuum_robot_ws/install/serial_motor_msgs/include/serial_motor_msgs/serial_motor_msgs/msg/detail/motor_vels__struct.h
[0.347s] -- Up-to-date: /home/user/vacuum_robot_ws/install/serial_motor_msgs/include/serial_motor_msgs/serial_motor_msgs/msg/detail/encoder_vals__type_support.h
[0.347s] -- Up-to-date: /home/user/vacuum_robot_ws/install/serial_motor_msgs/include/serial_motor_msgs/serial_motor_msgs/msg/rosidl_generator_c__visibility_control.h
[0.347s] -- Up-to-date: /home/user/vacuum_robot_ws/install/serial_motor_msgs/include/serial_motor_msgs/serial_motor_msgs/msg/motor_vels.h
[0.347s] -- Up-to-date: /home/user/vacuum_robot_ws/install/serial_motor_msgs/include/serial_motor_msgs/serial_motor_msgs/msg/encoder_vals.h
[0.347s] -- Up-to-date: /home/user/vacuum_robot_ws/install/serial_motor_msgs/share/serial_motor_msgs/environment/library_path.sh
[0.347s] -- Up-to-date: /home/user/vacuum_robot_ws/install/serial_motor_msgs/share/serial_motor_msgs/environment/library_path.dsv
[0.347s] -- Up-to-date: /home/user/vacuum_robot_ws/install/serial_motor_msgs/lib/libserial_motor_msgs__rosidl_generator_c.so
[0.348s] -- Up-to-date: /home/user/vacuum_robot_ws/install/serial_motor_msgs/include/serial_motor_msgs/serial_motor_msgs
[0.348s] -- Up-to-date: /home/user/vacuum_robot_ws/install/serial_motor_msgs/include/serial_motor_msgs/serial_motor_msgs/msg
[0.348s] -- Up-to-date: /home/user/vacuum_robot_ws/install/serial_motor_msgs/include/serial_motor_msgs/serial_motor_msgs/msg/rosidl_typesupport_fastrtps_c__visibility_control.h
[0.348s] -- Up-to-date: /home/user/vacuum_robot_ws/install/serial_motor_msgs/include/serial_motor_msgs/serial_motor_msgs/msg/detail
[0.348s] -- Up-to-date: /home/user/vacuum_robot_ws/install/serial_motor_msgs/include/serial_motor_msgs/serial_motor_msgs/msg/detail/motor_vels__rosidl_typesupport_fastrtps_c.h
[0.348s] -- Up-to-date: /home/user/vacuum_robot_ws/install/serial_motor_msgs/include/serial_motor_msgs/serial_motor_msgs/msg/detail/motor_command__rosidl_typesupport_fastrtps_c.h
[0.348s] -- Up-to-date: /home/user/vacuum_robot_ws/install/serial_motor_msgs/include/serial_motor_msgs/serial_motor_msgs/msg/detail/encoder_vals__rosidl_typesupport_fastrtps_c.h
[0.348s] -- Up-to-date: /home/user/vacuum_robot_ws/install/serial_motor_msgs/lib/libserial_motor_msgs__rosidl_typesupport_fastrtps_c.so
[0.348s] -- Up-to-date: /home/user/vacuum_robot_ws/install/serial_motor_msgs/include/serial_motor_msgs/serial_motor_msgs
[0.348s] -- Up-to-date: /home/user/vacuum_robot_ws/install/serial_motor_msgs/include/serial_motor_msgs/serial_motor_msgs/msg
[0.348s] -- Up-to-date: /home/user/vacuum_robot_ws/install/serial_motor_msgs/include/serial_motor_msgs/serial_motor_msgs/msg/detail
[0.348s] -- Up-to-date: /home/user/vacuum_robot_ws/install/serial_motor_msgs/include/serial_motor_msgs/serial_motor_msgs/msg/detail/motor_command__rosidl_typesupport_introspection_c.h
[0.348s] -- Up-to-date: /home/user/vacuum_robot_ws/install/serial_motor_msgs/include/serial_motor_msgs/serial_motor_msgs/msg/detail/encoder_vals__type_support.c
[0.348s] -- Up-to-date: /home/user/vacuum_robot_ws/install/serial_motor_msgs/include/serial_motor_msgs/serial_motor_msgs/msg/detail/motor_command__type_support.c
[0.349s] -- Up-to-date: /home/user/vacuum_robot_ws/install/serial_motor_msgs/include/serial_motor_msgs/serial_motor_msgs/msg/detail/motor_vels__rosidl_typesupport_introspection_c.h
[0.349s] -- Up-to-date: /home/user/vacuum_robot_ws/install/serial_motor_msgs/include/serial_motor_msgs/serial_motor_msgs/msg/detail/encoder_vals__rosidl_typesupport_introspection_c.h
[0.349s] -- Up-to-date: /home/user/vacuum_robot_ws/install/serial_motor_msgs/include/serial_motor_msgs/serial_motor_msgs/msg/detail/motor_vels__type_support.c
[0.349s] -- Up-to-date: /home/user/vacuum_robot_ws/install/serial_motor_msgs/include/serial_motor_msgs/serial_motor_msgs/msg/rosidl_typesupport_introspection_c__visibility_control.h
[0.349s] -- Up-to-date: /home/user/vacuum_robot_ws/install/serial_motor_msgs/lib/libserial_motor_msgs__rosidl_typesupport_introspection_c.so
[0.349s] -- Up-to-date: /home/user/vacuum_robot_ws/install/serial_motor_msgs/lib/libserial_motor_msgs__rosidl_typesupport_c.so
[0.349s] -- Up-to-date: /home/user/vacuum_robot_ws/install/serial_motor_msgs/include/serial_motor_msgs/serial_motor_msgs
[0.349s] -- Up-to-date: /home/user/vacuum_robot_ws/install/serial_motor_msgs/include/serial_motor_msgs/serial_motor_msgs/msg
[0.349s] -- Up-to-date: /home/user/vacuum_robot_ws/install/serial_motor_msgs/include/serial_motor_msgs/serial_motor_msgs/msg/motor_vels.hpp
[0.349s] -- Up-to-date: /home/user/vacuum_robot_ws/install/serial_motor_msgs/include/serial_motor_msgs/serial_motor_msgs/msg/motor_command.hpp
[0.349s] -- Up-to-date: /home/user/vacuum_robot_ws/install/serial_motor_msgs/include/serial_motor_msgs/serial_motor_msgs/msg/detail
[0.349s] -- Up-to-date: /home/user/vacuum_robot_ws/install/serial_motor_msgs/include/serial_motor_msgs/serial_motor_msgs/msg/detail/motor_vels__builder.hpp
[0.349s] -- Up-to-date: /home/user/vacuum_robot_ws/install/serial_motor_msgs/include/serial_motor_msgs/serial_motor_msgs/msg/detail/motor_vels__traits.hpp
[0.349s] -- Up-to-date: /home/user/vacuum_robot_ws/install/serial_motor_msgs/include/serial_motor_msgs/serial_motor_msgs/msg/detail/encoder_vals__type_support.hpp
[0.349s] -- Up-to-date: /home/user/vacuum_robot_ws/install/serial_motor_msgs/include/serial_motor_msgs/serial_motor_msgs/msg/detail/motor_command__traits.hpp
[0.350s] -- Up-to-date: /home/user/vacuum_robot_ws/install/serial_motor_msgs/include/serial_motor_msgs/serial_motor_msgs/msg/detail/motor_command__type_support.hpp
[0.350s] -- Up-to-date: /home/user/vacuum_robot_ws/install/serial_motor_msgs/include/serial_motor_msgs/serial_motor_msgs/msg/detail/motor_vels__type_support.hpp
[0.350s] -- Up-to-date: /home/user/vacuum_robot_ws/install/serial_motor_msgs/include/serial_motor_msgs/serial_motor_msgs/msg/detail/motor_vels__struct.hpp
[0.350s] -- Up-to-date: /home/user/vacuum_robot_ws/install/serial_motor_msgs/include/serial_motor_msgs/serial_motor_msgs/msg/detail/motor_command__builder.hpp
[0.350s] -- Up-to-date: /home/user/vacuum_robot_ws/install/serial_motor_msgs/include/serial_motor_msgs/serial_motor_msgs/msg/detail/motor_command__struct.hpp
[0.350s] -- Up-to-date: /home/user/vacuum_robot_ws/install/serial_motor_msgs/include/serial_motor_msgs/serial_motor_msgs/msg/detail/encoder_vals__struct.hpp
[0.350s] -- Up-to-date: /home/user/vacuum_robot_ws/install/serial_motor_msgs/include/serial_motor_msgs/serial_motor_msgs/msg/detail/encoder_vals__traits.hpp
[0.350s] -- Up-to-date: /home/user/vacuum_robot_ws/install/serial_motor_msgs/include/serial_motor_msgs/serial_motor_msgs/msg/detail/encoder_vals__builder.hpp
[0.350s] -- Up-to-date: /home/user/vacuum_robot_ws/install/serial_motor_msgs/include/serial_motor_msgs/serial_motor_msgs/msg/encoder_vals.hpp
[0.350s] -- Up-to-date: /home/user/vacuum_robot_ws/install/serial_motor_msgs/include/serial_motor_msgs/serial_motor_msgs/msg/rosidl_generator_cpp__visibility_control.hpp
[0.350s] -- Up-to-date: /home/user/vacuum_robot_ws/install/serial_motor_msgs/include/serial_motor_msgs/serial_motor_msgs
[0.350s] -- Up-to-date: /home/user/vacuum_robot_ws/install/serial_motor_msgs/include/serial_motor_msgs/serial_motor_msgs/msg
[0.350s] -- Up-to-date: /home/user/vacuum_robot_ws/install/serial_motor_msgs/include/serial_motor_msgs/serial_motor_msgs/msg/detail
[0.350s] -- Up-to-date: /home/user/vacuum_robot_ws/install/serial_motor_msgs/include/serial_motor_msgs/serial_motor_msgs/msg/detail/dds_fastrtps
[0.350s] -- Up-to-date: /home/user/vacuum_robot_ws/install/serial_motor_msgs/include/serial_motor_msgs/serial_motor_msgs/msg/detail/motor_command__rosidl_typesupport_fastrtps_cpp.hpp
[0.350s] -- Up-to-date: /home/user/vacuum_robot_ws/install/serial_motor_msgs/include/serial_motor_msgs/serial_motor_msgs/msg/detail/encoder_vals__rosidl_typesupport_fastrtps_cpp.hpp
[0.350s] -- Up-to-date: /home/user/vacuum_robot_ws/install/serial_motor_msgs/include/serial_motor_msgs/serial_motor_msgs/msg/detail/motor_vels__rosidl_typesupport_fastrtps_cpp.hpp
[0.351s] -- Up-to-date: /home/user/vacuum_robot_ws/install/serial_motor_msgs/include/serial_motor_msgs/serial_motor_msgs/msg/rosidl_typesupport_fastrtps_cpp__visibility_control.h
[0.351s] -- Up-to-date: /home/user/vacuum_robot_ws/install/serial_motor_msgs/lib/libserial_motor_msgs__rosidl_typesupport_fastrtps_cpp.so
[0.351s] -- Up-to-date: /home/user/vacuum_robot_ws/install/serial_motor_msgs/include/serial_motor_msgs/serial_motor_msgs
[0.351s] -- Up-to-date: /home/user/vacuum_robot_ws/install/serial_motor_msgs/include/serial_motor_msgs/serial_motor_msgs/msg
[0.351s] -- Up-to-date: /home/user/vacuum_robot_ws/install/serial_motor_msgs/include/serial_motor_msgs/serial_motor_msgs/msg/detail
[0.351s] -- Up-to-date: /home/user/vacuum_robot_ws/install/serial_motor_msgs/include/serial_motor_msgs/serial_motor_msgs/msg/detail/motor_command__type_support.cpp
[0.351s] -- Up-to-date: /home/user/vacuum_robot_ws/install/serial_motor_msgs/include/serial_motor_msgs/serial_motor_msgs/msg/detail/motor_command__rosidl_typesupport_introspection_cpp.hpp
[0.351s] -- Up-to-date: /home/user/vacuum_robot_ws/install/serial_motor_msgs/include/serial_motor_msgs/serial_motor_msgs/msg/detail/motor_vels__type_support.cpp
[0.351s] -- Up-to-date: /home/user/vacuum_robot_ws/install/serial_motor_msgs/include/serial_motor_msgs/serial_motor_msgs/msg/detail/motor_vels__rosidl_typesupport_introspection_cpp.hpp
[0.351s] -- Up-to-date: /home/user/vacuum_robot_ws/install/serial_motor_msgs/include/serial_motor_msgs/serial_motor_msgs/msg/detail/encoder_vals__rosidl_typesupport_introspection_cpp.hpp
[0.351s] -- Up-to-date: /home/user/vacuum_robot_ws/install/serial_motor_msgs/include/serial_motor_msgs/serial_motor_msgs/msg/detail/encoder_vals__type_support.cpp
[0.351s] -- Up-to-date: /home/user/vacuum_robot_ws/install/serial_motor_msgs/lib/libserial_motor_msgs__rosidl_typesupport_introspection_cpp.so
[0.351s] -- Up-to-date: /home/user/vacuum_robot_ws/install/serial_motor_msgs/lib/libserial_motor_msgs__rosidl_typesupport_cpp.so
[0.351s] -- Up-to-date: /home/user/vacuum_robot_ws/install/serial_motor_msgs/share/serial_motor_msgs/environment/pythonpath.sh
[0.351s] -- Up-to-date: /home/user/vacuum_robot_ws/install/serial_motor_msgs/share/serial_motor_msgs/environment/pythonpath.dsv
[0.351s] -- Up-to-date: /home/user/vacuum_robot_ws/install/serial_motor_msgs/local/lib/python3.10/dist-packages/serial_motor_msgs-0.0.0-py3.10.egg-info
[0.351s] -- Installing: /home/user/vacuum_robot_ws/install/serial_motor_msgs/local/lib/python3.10/dist-packages/serial_motor_msgs-0.0.0-py3.10.egg-info/PKG-INFO
[0.351s] -- Installing: /home/user/vacuum_robot_ws/install/serial_motor_msgs/local/lib/python3.10/dist-packages/serial_motor_msgs-0.0.0-py3.10.egg-info/top_level.txt
[0.351s] -- Installing: /home/user/vacuum_robot_ws/install/serial_motor_msgs/local/lib/python3.10/dist-packages/serial_motor_msgs-0.0.0-py3.10.egg-info/SOURCES.txt
[0.352s] -- Installing: /home/user/vacuum_robot_ws/install/serial_motor_msgs/local/lib/python3.10/dist-packages/serial_motor_msgs-0.0.0-py3.10.egg-info/dependency_links.txt
[0.352s] -- Up-to-date: /home/user/vacuum_robot_ws/install/serial_motor_msgs/local/lib/python3.10/dist-packages/serial_motor_msgs
[0.352s] -- Up-to-date: /home/user/vacuum_robot_ws/install/serial_motor_msgs/local/lib/python3.10/dist-packages/serial_motor_msgs/msg
[0.352s] -- Up-to-date: /home/user/vacuum_robot_ws/install/serial_motor_msgs/local/lib/python3.10/dist-packages/serial_motor_msgs/msg/_encoder_vals_s.c
[0.352s] -- Up-to-date: /home/user/vacuum_robot_ws/install/serial_motor_msgs/local/lib/python3.10/dist-packages/serial_motor_msgs/msg/_motor_vels.py
[0.352s] -- Up-to-date: /home/user/vacuum_robot_ws/install/serial_motor_msgs/local/lib/python3.10/dist-packages/serial_motor_msgs/msg/_encoder_vals.py
[0.352s] -- Up-to-date: /home/user/vacuum_robot_ws/install/serial_motor_msgs/local/lib/python3.10/dist-packages/serial_motor_msgs/msg/__init__.py
[0.352s] -- Up-to-date: /home/user/vacuum_robot_ws/install/serial_motor_msgs/local/lib/python3.10/dist-packages/serial_motor_msgs/msg/_motor_command.py
[0.352s] -- Up-to-date: /home/user/vacuum_robot_ws/install/serial_motor_msgs/local/lib/python3.10/dist-packages/serial_motor_msgs/msg/_motor_vels_s.c
[0.352s] -- Up-to-date: /home/user/vacuum_robot_ws/install/serial_motor_msgs/local/lib/python3.10/dist-packages/serial_motor_msgs/msg/_motor_command_s.c
[0.352s] -- Up-to-date: /home/user/vacuum_robot_ws/install/serial_motor_msgs/local/lib/python3.10/dist-packages/serial_motor_msgs/_serial_motor_msgs_s.ep.rosidl_typesupport_c.c
[0.352s] -- Up-to-date: /home/user/vacuum_robot_ws/install/serial_motor_msgs/local/lib/python3.10/dist-packages/serial_motor_msgs/serial_motor_msgs_s__rosidl_typesupport_c.cpython-310-x86_64-linux-gnu.so
[0.352s] -- Up-to-date: /home/user/vacuum_robot_ws/install/serial_motor_msgs/local/lib/python3.10/dist-packages/serial_motor_msgs/serial_motor_msgs_s__rosidl_typesupport_introspection_c.cpython-310-x86_64-linux-gnu.so
[0.352s] -- Up-to-date: /home/user/vacuum_robot_ws/install/serial_motor_msgs/local/lib/python3.10/dist-packages/serial_motor_msgs/__init__.py
[0.352s] -- Up-to-date: /home/user/vacuum_robot_ws/install/serial_motor_msgs/local/lib/python3.10/dist-packages/serial_motor_msgs/libserial_motor_msgs__rosidl_generator_py.so
[0.352s] -- Up-to-date: /home/user/vacuum_robot_ws/install/serial_motor_msgs/local/lib/python3.10/dist-packages/serial_motor_msgs/_serial_motor_msgs_s.ep.rosidl_typesupport_fastrtps_c.c
[0.352s] -- Up-to-date: /home/user/vacuum_robot_ws/install/serial_motor_msgs/local/lib/python3.10/dist-packages/serial_motor_msgs/_serial_motor_msgs_s.ep.rosidl_typesupport_introspection_c.c
[0.352s] -- Up-to-date: /home/user/vacuum_robot_ws/install/serial_motor_msgs/local/lib/python3.10/dist-packages/serial_motor_msgs/serial_motor_msgs_s__rosidl_typesupport_fastrtps_c.cpython-310-x86_64-linux-gnu.so
[0.380s] Listing '/home/user/vacuum_robot_ws/install/serial_motor_msgs/local/lib/python3.10/dist-packages/serial_motor_msgs'...
[0.380s] Listing '/home/user/vacuum_robot_ws/install/serial_motor_msgs/local/lib/python3.10/dist-packages/serial_motor_msgs/msg'...
[0.384s] -- Up-to-date: /home/user/vacuum_robot_ws/install/serial_motor_msgs/local/lib/python3.10/dist-packages/serial_motor_msgs/serial_motor_msgs_s__rosidl_typesupport_fastrtps_c.cpython-310-x86_64-linux-gnu.so
[0.384s] -- Up-to-date: /home/user/vacuum_robot_ws/install/serial_motor_msgs/local/lib/python3.10/dist-packages/serial_motor_msgs/serial_motor_msgs_s__rosidl_typesupport_introspection_c.cpython-310-x86_64-linux-gnu.so
[0.384s] -- Up-to-date: /home/user/vacuum_robot_ws/install/serial_motor_msgs/local/lib/python3.10/dist-packages/serial_motor_msgs/serial_motor_msgs_s__rosidl_typesupport_c.cpython-310-x86_64-linux-gnu.so
[0.384s] -- Up-to-date: /home/user/vacuum_robot_ws/install/serial_motor_msgs/lib/libserial_motor_msgs__rosidl_generator_py.so
[0.384s] -- Up-to-date: /home/user/vacuum_robot_ws/install/serial_motor_msgs/share/serial_motor_msgs/msg/MotorCommand.idl
[0.385s] -- Up-to-date: /home/user/vacuum_robot_ws/install/serial_motor_msgs/share/serial_motor_msgs/msg/MotorVels.idl
[0.385s] -- Up-to-date: /home/user/vacuum_robot_ws/install/serial_motor_msgs/share/serial_motor_msgs/msg/EncoderVals.idl
[0.385s] -- Up-to-date: /home/user/vacuum_robot_ws/install/serial_motor_msgs/share/serial_motor_msgs/msg/MotorCommand.msg
[0.385s] -- Up-to-date: /home/user/vacuum_robot_ws/install/serial_motor_msgs/share/serial_motor_msgs/msg/MotorVels.msg
[0.385s] -- Up-to-date: /home/user/vacuum_robot_ws/install/serial_motor_msgs/share/serial_motor_msgs/msg/EncoderVals.msg
[0.385s] -- Up-to-date: /home/user/vacuum_robot_ws/install/serial_motor_msgs/share/ament_index/resource_index/package_run_dependencies/serial_motor_msgs
[0.385s] -- Up-to-date: /home/user/vacuum_robot_ws/install/serial_motor_msgs/share/ament_index/resource_index/parent_prefix_path/serial_motor_msgs
[0.385s] -- Up-to-date: /home/user/vacuum_robot_ws/install/serial_motor_msgs/share/serial_motor_msgs/environment/ament_prefix_path.sh
[0.385s] -- Up-to-date: /home/user/vacuum_robot_ws/install/serial_motor_msgs/share/serial_motor_msgs/environment/ament_prefix_path.dsv
[0.386s] -- Up-to-date: /home/user/vacuum_robot_ws/install/serial_motor_msgs/share/serial_motor_msgs/environment/path.sh
[0.386s] -- Up-to-date: /home/user/vacuum_robot_ws/install/serial_motor_msgs/share/serial_motor_msgs/environment/path.dsv
[0.386s] -- Up-to-date: /home/user/vacuum_robot_ws/install/serial_motor_msgs/share/serial_motor_msgs/local_setup.bash
[0.386s] -- Up-to-date: /home/user/vacuum_robot_ws/install/serial_motor_msgs/share/serial_motor_msgs/local_setup.sh
[0.386s] -- Up-to-date: /home/user/vacuum_robot_ws/install/serial_motor_msgs/share/serial_motor_msgs/local_setup.zsh
[0.386s] -- Up-to-date: /home/user/vacuum_robot_ws/install/serial_motor_msgs/share/serial_motor_msgs/local_setup.dsv
[0.386s] -- Installing: /home/user/vacuum_robot_ws/install/serial_motor_msgs/share/serial_motor_msgs/package.dsv
[0.386s] -- Up-to-date: /home/user/vacuum_robot_ws/install/serial_motor_msgs/share/ament_index/resource_index/packages/serial_motor_msgs
[0.386s] -- Up-to-date: /home/user/vacuum_robot_ws/install/serial_motor_msgs/share/serial_motor_msgs/cmake/export_serial_motor_msgs__rosidl_generator_cExport.cmake
[0.386s] -- Up-to-date: /home/user/vacuum_robot_ws/install/serial_motor_msgs/share/serial_motor_msgs/cmake/export_serial_motor_msgs__rosidl_generator_cExport-noconfig.cmake
[0.387s] -- Up-to-date: /home/user/vacuum_robot_ws/install/serial_motor_msgs/share/serial_motor_msgs/cmake/export_serial_motor_msgs__rosidl_typesupport_fastrtps_cExport.cmake
[0.387s] -- Up-to-date: /home/user/vacuum_robot_ws/install/serial_motor_msgs/share/serial_motor_msgs/cmake/export_serial_motor_msgs__rosidl_typesupport_fastrtps_cExport-noconfig.cmake
[0.387s] -- Up-to-date: /home/user/vacuum_robot_ws/install/serial_motor_msgs/share/serial_motor_msgs/cmake/serial_motor_msgs__rosidl_typesupport_introspection_cExport.cmake
[0.387s] -- Up-to-date: /home/user/vacuum_robot_ws/install/serial_motor_msgs/share/serial_motor_msgs/cmake/serial_motor_msgs__rosidl_typesupport_introspection_cExport-noconfig.cmake
[0.387s] -- Up-to-date: /home/user/vacuum_robot_ws/install/serial_motor_msgs/share/serial_motor_msgs/cmake/serial_motor_msgs__rosidl_typesupport_cExport.cmake
[0.387s] -- Up-to-date: /home/user/vacuum_robot_ws/install/serial_motor_msgs/share/serial_motor_msgs/cmake/serial_motor_msgs__rosidl_typesupport_cExport-noconfig.cmake
[0.387s] -- Up-to-date: /home/user/vacuum_robot_ws/install/serial_motor_msgs/share/serial_motor_msgs/cmake/export_serial_motor_msgs__rosidl_generator_cppExport.cmake
[0.387s] -- Up-to-date: /home/user/vacuum_robot_ws/install/serial_motor_msgs/share/serial_motor_msgs/cmake/export_serial_motor_msgs__rosidl_typesupport_fastrtps_cppExport.cmake
[0.387s] -- Up-to-date: /home/user/vacuum_robot_ws/install/serial_motor_msgs/share/serial_motor_msgs/cmake/export_serial_motor_msgs__rosidl_typesupport_fastrtps_cppExport-noconfig.cmake
[0.388s] -- Up-to-date: /home/user/vacuum_robot_ws/install/serial_motor_msgs/share/serial_motor_msgs/cmake/serial_motor_msgs__rosidl_typesupport_introspection_cppExport.cmake
[0.388s] -- Up-to-date: /home/user/vacuum_robot_ws/install/serial_motor_msgs/share/serial_motor_msgs/cmake/serial_motor_msgs__rosidl_typesupport_introspection_cppExport-noconfig.cmake
[0.388s] -- Up-to-date: /home/user/vacuum_robot_ws/install/serial_motor_msgs/share/serial_motor_msgs/cmake/serial_motor_msgs__rosidl_typesupport_cppExport.cmake
[0.388s] -- Up-to-date: /home/user/vacuum_robot_ws/install/serial_motor_msgs/share/serial_motor_msgs/cmake/serial_motor_msgs__rosidl_typesupport_cppExport-noconfig.cmake
[0.388s] -- Up-to-date: /home/user/vacuum_robot_ws/install/serial_motor_msgs/share/serial_motor_msgs/cmake/export_serial_motor_msgs__rosidl_generator_pyExport.cmake
[0.388s] -- Up-to-date: /home/user/vacuum_robot_ws/install/serial_motor_msgs/share/serial_motor_msgs/cmake/export_serial_motor_msgs__rosidl_generator_pyExport-noconfig.cmake
[0.388s] -- Up-to-date: /home/user/vacuum_robot_ws/install/serial_motor_msgs/share/serial_motor_msgs/cmake/rosidl_cmake-extras.cmake
[0.388s] -- Up-to-date: /home/user/vacuum_robot_ws/install/serial_motor_msgs/share/serial_motor_msgs/cmake/ament_cmake_export_include_directories-extras.cmake
[0.388s] -- Up-to-date: /home/user/vacuum_robot_ws/install/serial_motor_msgs/share/serial_motor_msgs/cmake/ament_cmake_export_libraries-extras.cmake
[0.388s] -- Up-to-date: /home/user/vacuum_robot_ws/install/serial_motor_msgs/share/serial_motor_msgs/cmake/ament_cmake_export_targets-extras.cmake
[0.388s] -- Up-to-date: /home/user/vacuum_robot_ws/install/serial_motor_msgs/share/serial_motor_msgs/cmake/rosidl_cmake_export_typesupport_targets-extras.cmake
[0.388s] -- Up-to-date: /home/user/vacuum_robot_ws/install/serial_motor_msgs/share/serial_motor_msgs/cmake/ament_cmake_export_dependencies-extras.cmake
[0.388s] -- Up-to-date: /home/user/vacuum_robot_ws/install/serial_motor_msgs/share/serial_motor_msgs/cmake/rosidl_cmake_export_typesupport_libraries-extras.cmake
[0.388s] -- Up-to-date: /home/user/vacuum_robot_ws/install/serial_motor_msgs/share/serial_motor_msgs/cmake/serial_motor_msgsConfig.cmake
[0.388s] -- Up-to-date: /home/user/vacuum_robot_ws/install/serial_motor_msgs/share/serial_motor_msgs/cmake/serial_motor_msgsConfig-version.cmake
[0.389s] -- Up-to-date: /home/user/vacuum_robot_ws/install/serial_motor_msgs/share/serial_motor_msgs/package.xml
[0.389s] Invoked command in '/home/user/vacuum_robot_ws/build/serial_motor_msgs' returned '0': CMAKE_PREFIX_PATH=${CMAKE_PREFIX_PATH}:/home/user/vacuum_robot_ws/install/serial_motor_control:/opt/ros/humble /usr/bin/cmake --install /home/user/vacuum_robot_ws/build/serial_motor_msgs
