[0.008s] Invoking command in '/home/user/dev_ws/build/my_bot': CMAKE_PREFIX_PATH=${CMAKE_PREFIX_PATH}:/opt/ros/humble /usr/bin/cmake /home/user/dev_ws/src/vacuum_robot -DAMENT_CMAKE_SYMLINK_INSTALL=1 -DCMAKE_INSTALL_PREFIX=/home/user/dev_ws/install/my_bot
[0.018s] -- Found ament_cmake: 1.3.11 (/opt/ros/humble/share/ament_cmake/cmake)
[0.114s] -- Override CMake install command with custom implementation using symlinks instead of copying resources
[0.121s] -- Found ament_lint_auto: 0.12.11 (/opt/ros/humble/share/ament_lint_auto/cmake)
[0.180s] -- Added test 'copyright' to check source files copyright and LICENSE
[0.185s] -- Added test 'flake8' to check Python code syntax and style conventions
[0.186s] -- Added test 'lint_cmake' to check CMake code style
[0.186s] -- Added test 'pep257' to check Python code against some of the docstring style conventions in PEP 257
[0.188s] -- Added test 'xmllint' to check XML markup files
[0.189s] -- Configuring done
[0.191s] -- Generating done
[0.193s] -- Build files have been written to: /home/user/dev_ws/build/my_bot
[0.195s] Invoked command in '/home/user/dev_ws/build/my_bot' returned '0': CMAKE_PREFIX_PATH=${CMAKE_PREFIX_PATH}:/opt/ros/humble /usr/bin/cmake /home/user/dev_ws/src/vacuum_robot -DAMENT_CMAKE_SYMLINK_INSTALL=1 -DCMAKE_INSTALL_PREFIX=/home/user/dev_ws/install/my_bot
[0.197s] Invoking command in '/home/user/dev_ws/build/my_bot': CMAKE_PREFIX_PATH=${CMAKE_PREFIX_PATH}:/opt/ros/humble /usr/bin/cmake --build /home/user/dev_ws/build/my_bot -- -j12 -l12
[0.225s] Invoked command in '/home/user/dev_ws/build/my_bot' returned '0': CMAKE_PREFIX_PATH=${CMAKE_PREFIX_PATH}:/opt/ros/humble /usr/bin/cmake --build /home/user/dev_ws/build/my_bot -- -j12 -l12
[0.233s] Invoking command in '/home/user/dev_ws/build/my_bot': CMAKE_PREFIX_PATH=${CMAKE_PREFIX_PATH}:/opt/ros/humble /usr/bin/cmake --install /home/user/dev_ws/build/my_bot
[0.239s] -- Install configuration: ""
[0.239s] -- Execute custom install script
[0.239s] -- Symlinking: /home/user/dev_ws/install/my_bot/share/my_bot/config/empty.yaml
[0.246s] -- Symlinking: /home/user/dev_ws/install/my_bot/share/my_bot/description/robot.urdf.xacro
[0.253s] -- Symlinking: /home/user/dev_ws/install/my_bot/share/my_bot/launch/rsp.launch.py
[0.260s] -- Symlinking: /home/user/dev_ws/install/my_bot/share/my_bot/worlds/empty.world
[0.267s] -- Symlinking: /home/user/dev_ws/install/my_bot/share/ament_index/resource_index/package_run_dependencies/my_bot
[0.274s] -- Symlinking: /home/user/dev_ws/install/my_bot/share/ament_index/resource_index/parent_prefix_path/my_bot
[0.281s] -- Symlinking: /home/user/dev_ws/install/my_bot/share/my_bot/environment/ament_prefix_path.sh
[0.287s] -- Symlinking: /home/user/dev_ws/install/my_bot/share/my_bot/environment/ament_prefix_path.dsv
[0.294s] -- Symlinking: /home/user/dev_ws/install/my_bot/share/my_bot/environment/path.sh
[0.301s] -- Symlinking: /home/user/dev_ws/install/my_bot/share/my_bot/environment/path.dsv
[0.307s] -- Symlinking: /home/user/dev_ws/install/my_bot/share/my_bot/local_setup.bash
[0.314s] -- Symlinking: /home/user/dev_ws/install/my_bot/share/my_bot/local_setup.sh
[0.320s] -- Symlinking: /home/user/dev_ws/install/my_bot/share/my_bot/local_setup.zsh
[0.327s] -- Symlinking: /home/user/dev_ws/install/my_bot/share/my_bot/local_setup.dsv
[0.334s] -- Symlinking: /home/user/dev_ws/install/my_bot/share/my_bot/package.dsv
[0.341s] -- Symlinking: /home/user/dev_ws/install/my_bot/share/ament_index/resource_index/packages/my_bot
[0.348s] -- Symlinking: /home/user/dev_ws/install/my_bot/share/my_bot/cmake/my_botConfig.cmake
[0.355s] -- Symlinking: /home/user/dev_ws/install/my_bot/share/my_bot/cmake/my_botConfig-version.cmake
[0.361s] -- Symlinking: /home/user/dev_ws/install/my_bot/share/my_bot/package.xml
[0.369s] Invoked command in '/home/user/dev_ws/build/my_bot' returned '0': CMAKE_PREFIX_PATH=${CMAKE_PREFIX_PATH}:/opt/ros/humble /usr/bin/cmake --install /home/user/dev_ws/build/my_bot
