[0.091s] DEBUG:colcon:Command line arguments: ['/usr/bin/colcon', 'build']
[0.091s] DEBUG:colcon:Parsed command line arguments: Namespace(log_base=None, log_level=None, verb_name='build', build_base='build', install_base='install', merge_install=False, symlink_install=False, test_result_base=None, continue_on_error=False, executor='parallel', parallel_workers=12, event_handlers=None, ignore_user_meta=False, metas=['./colcon.meta'], base_paths=['.'], packages_ignore=None, packages_ignore_regex=None, paths=None, packages_up_to=None, packages_up_to_regex=None, packages_above=None, packages_above_and_dependencies=None, packages_above_depth=None, packages_select_by_dep=None, packages_skip_by_dep=None, packages_skip_up_to=None, packages_select_build_failed=False, packages_skip_build_finished=False, packages_select_test_failures=False, packages_skip_test_passed=False, packages_select=None, packages_skip=None, packages_select_regex=None, packages_skip_regex=None, packages_start=None, packages_end=None, allow_overriding=[], cmake_args=None, cmake_target=None, cmake_target_skip_unavailable=False, cmake_clean_cache=False, cmake_clean_first=False, cmake_force_configure=False, ament_cmake_args=None, catkin_cmake_args=None, catkin_skip_building_tests=False, verb_parser=<colcon_defaults.argument_parser.defaults.DefaultArgumentsDecorator object at 0x71381f1e77c0>, verb_extension=<colcon_core.verb.build.BuildVerb object at 0x71381f3cc490>, main=<bound method BuildVerb.main of <colcon_core.verb.build.BuildVerb object at 0x71381f3cc490>>)
[0.233s] Level 1:colcon.colcon_core.package_discovery:discover_packages(colcon_meta) check parameters
[0.234s] Level 1:colcon.colcon_core.package_discovery:discover_packages(recursive) check parameters
[0.234s] Level 1:colcon.colcon_core.package_discovery:discover_packages(ignore) check parameters
[0.234s] Level 1:colcon.colcon_core.package_discovery:discover_packages(path) check parameters
[0.234s] Level 1:colcon.colcon_core.package_discovery:discover_packages(colcon_meta) discover
[0.234s] Level 1:colcon.colcon_core.package_discovery:discover_packages(recursive) discover
[0.234s] INFO:colcon.colcon_core.package_discovery:Crawling recursively for packages in '/home/user/vacuum_robot_ws'
[0.234s] Level 1:colcon.colcon_core.package_identification:_identify(.) by extensions ['ignore', 'ignore_ament_install']
[0.234s] Level 1:colcon.colcon_core.package_identification:_identify(.) by extension 'ignore'
[0.234s] Level 1:colcon.colcon_core.package_identification:_identify(.) by extension 'ignore_ament_install'
[0.234s] Level 1:colcon.colcon_core.package_identification:_identify(.) by extensions ['colcon_pkg']
[0.234s] Level 1:colcon.colcon_core.package_identification:_identify(.) by extension 'colcon_pkg'
[0.234s] Level 1:colcon.colcon_core.package_identification:_identify(.) by extensions ['colcon_meta']
[0.234s] Level 1:colcon.colcon_core.package_identification:_identify(.) by extension 'colcon_meta'
[0.234s] Level 1:colcon.colcon_core.package_identification:_identify(.) by extensions ['ros']
[0.234s] Level 1:colcon.colcon_core.package_identification:_identify(.) by extension 'ros'
[0.244s] Level 1:colcon.colcon_core.package_identification:_identify(.) by extensions ['cmake', 'python']
[0.244s] Level 1:colcon.colcon_core.package_identification:_identify(.) by extension 'cmake'
[0.244s] Level 1:colcon.colcon_core.package_identification:_identify(.) by extension 'python'
[0.244s] Level 1:colcon.colcon_core.package_identification:_identify(.) by extensions ['python_setup_py']
[0.244s] Level 1:colcon.colcon_core.package_identification:_identify(.) by extension 'python_setup_py'
[0.244s] Level 1:colcon.colcon_core.package_identification:_identify(build) by extensions ['ignore', 'ignore_ament_install']
[0.244s] Level 1:colcon.colcon_core.package_identification:_identify(build) by extension 'ignore'
[0.245s] Level 1:colcon.colcon_core.package_identification:_identify(build) ignored
[0.245s] Level 1:colcon.colcon_core.package_identification:_identify(install) by extensions ['ignore', 'ignore_ament_install']
[0.245s] Level 1:colcon.colcon_core.package_identification:_identify(install) by extension 'ignore'
[0.245s] Level 1:colcon.colcon_core.package_identification:_identify(install) ignored
[0.245s] Level 1:colcon.colcon_core.package_identification:_identify(log) by extensions ['ignore', 'ignore_ament_install']
[0.245s] Level 1:colcon.colcon_core.package_identification:_identify(log) by extension 'ignore'
[0.245s] Level 1:colcon.colcon_core.package_identification:_identify(log) ignored
[0.245s] Level 1:colcon.colcon_core.package_identification:_identify(src) by extensions ['ignore', 'ignore_ament_install']
[0.245s] Level 1:colcon.colcon_core.package_identification:_identify(src) by extension 'ignore'
[0.245s] Level 1:colcon.colcon_core.package_identification:_identify(src) by extension 'ignore_ament_install'
[0.245s] Level 1:colcon.colcon_core.package_identification:_identify(src) by extensions ['colcon_pkg']
[0.245s] Level 1:colcon.colcon_core.package_identification:_identify(src) by extension 'colcon_pkg'
[0.245s] Level 1:colcon.colcon_core.package_identification:_identify(src) by extensions ['colcon_meta']
[0.245s] Level 1:colcon.colcon_core.package_identification:_identify(src) by extension 'colcon_meta'
[0.245s] Level 1:colcon.colcon_core.package_identification:_identify(src) by extensions ['ros']
[0.245s] Level 1:colcon.colcon_core.package_identification:_identify(src) by extension 'ros'
[0.245s] Level 1:colcon.colcon_core.package_identification:_identify(src) by extensions ['cmake', 'python']
[0.245s] Level 1:colcon.colcon_core.package_identification:_identify(src) by extension 'cmake'
[0.245s] Level 1:colcon.colcon_core.package_identification:_identify(src) by extension 'python'
[0.246s] Level 1:colcon.colcon_core.package_identification:_identify(src) by extensions ['python_setup_py']
[0.246s] Level 1:colcon.colcon_core.package_identification:_identify(src) by extension 'python_setup_py'
[0.246s] Level 1:colcon.colcon_core.package_identification:_identify(src/robot_description) by extensions ['ignore', 'ignore_ament_install']
[0.246s] Level 1:colcon.colcon_core.package_identification:_identify(src/robot_description) by extension 'ignore'
[0.246s] Level 1:colcon.colcon_core.package_identification:_identify(src/robot_description) by extension 'ignore_ament_install'
[0.246s] Level 1:colcon.colcon_core.package_identification:_identify(src/robot_description) by extensions ['colcon_pkg']
[0.246s] Level 1:colcon.colcon_core.package_identification:_identify(src/robot_description) by extension 'colcon_pkg'
[0.246s] Level 1:colcon.colcon_core.package_identification:_identify(src/robot_description) by extensions ['colcon_meta']
[0.246s] Level 1:colcon.colcon_core.package_identification:_identify(src/robot_description) by extension 'colcon_meta'
[0.246s] Level 1:colcon.colcon_core.package_identification:_identify(src/robot_description) by extensions ['ros']
[0.246s] Level 1:colcon.colcon_core.package_identification:_identify(src/robot_description) by extension 'ros'
[0.248s] DEBUG:colcon.colcon_core.package_identification:Package 'src/robot_description' with type 'ros.ament_cmake' and name 'robot_description'
[0.248s] Level 1:colcon.colcon_core.package_identification:_identify(src/ros_arduino_bridge[ARDUINO]) by extensions ['ignore', 'ignore_ament_install']
[0.248s] Level 1:colcon.colcon_core.package_identification:_identify(src/ros_arduino_bridge[ARDUINO]) by extension 'ignore'
[0.248s] Level 1:colcon.colcon_core.package_identification:_identify(src/ros_arduino_bridge[ARDUINO]) by extension 'ignore_ament_install'
[0.248s] Level 1:colcon.colcon_core.package_identification:_identify(src/ros_arduino_bridge[ARDUINO]) by extensions ['colcon_pkg']
[0.248s] Level 1:colcon.colcon_core.package_identification:_identify(src/ros_arduino_bridge[ARDUINO]) by extension 'colcon_pkg'
[0.248s] Level 1:colcon.colcon_core.package_identification:_identify(src/ros_arduino_bridge[ARDUINO]) by extensions ['colcon_meta']
[0.248s] Level 1:colcon.colcon_core.package_identification:_identify(src/ros_arduino_bridge[ARDUINO]) by extension 'colcon_meta'
[0.248s] Level 1:colcon.colcon_core.package_identification:_identify(src/ros_arduino_bridge[ARDUINO]) by extensions ['ros']
[0.248s] Level 1:colcon.colcon_core.package_identification:_identify(src/ros_arduino_bridge[ARDUINO]) by extension 'ros'
[0.248s] Level 1:colcon.colcon_core.package_identification:_identify(src/ros_arduino_bridge[ARDUINO]) by extensions ['cmake', 'python']
[0.248s] Level 1:colcon.colcon_core.package_identification:_identify(src/ros_arduino_bridge[ARDUINO]) by extension 'cmake'
[0.248s] Level 1:colcon.colcon_core.package_identification:_identify(src/ros_arduino_bridge[ARDUINO]) by extension 'python'
[0.248s] Level 1:colcon.colcon_core.package_identification:_identify(src/ros_arduino_bridge[ARDUINO]) by extensions ['python_setup_py']
[0.249s] Level 1:colcon.colcon_core.package_identification:_identify(src/ros_arduino_bridge[ARDUINO]) by extension 'python_setup_py'
[0.249s] Level 1:colcon.colcon_core.package_identification:_identify(src/ros_arduino_bridge[ARDUINO]/ROSArduinoBridge) by extensions ['ignore', 'ignore_ament_install']
[0.249s] Level 1:colcon.colcon_core.package_identification:_identify(src/ros_arduino_bridge[ARDUINO]/ROSArduinoBridge) by extension 'ignore'
[0.249s] Level 1:colcon.colcon_core.package_identification:_identify(src/ros_arduino_bridge[ARDUINO]/ROSArduinoBridge) by extension 'ignore_ament_install'
[0.249s] Level 1:colcon.colcon_core.package_identification:_identify(src/ros_arduino_bridge[ARDUINO]/ROSArduinoBridge) by extensions ['colcon_pkg']
[0.249s] Level 1:colcon.colcon_core.package_identification:_identify(src/ros_arduino_bridge[ARDUINO]/ROSArduinoBridge) by extension 'colcon_pkg'
[0.249s] Level 1:colcon.colcon_core.package_identification:_identify(src/ros_arduino_bridge[ARDUINO]/ROSArduinoBridge) by extensions ['colcon_meta']
[0.249s] Level 1:colcon.colcon_core.package_identification:_identify(src/ros_arduino_bridge[ARDUINO]/ROSArduinoBridge) by extension 'colcon_meta'
[0.249s] Level 1:colcon.colcon_core.package_identification:_identify(src/ros_arduino_bridge[ARDUINO]/ROSArduinoBridge) by extensions ['ros']
[0.249s] Level 1:colcon.colcon_core.package_identification:_identify(src/ros_arduino_bridge[ARDUINO]/ROSArduinoBridge) by extension 'ros'
[0.249s] Level 1:colcon.colcon_core.package_identification:_identify(src/ros_arduino_bridge[ARDUINO]/ROSArduinoBridge) by extensions ['cmake', 'python']
[0.249s] Level 1:colcon.colcon_core.package_identification:_identify(src/ros_arduino_bridge[ARDUINO]/ROSArduinoBridge) by extension 'cmake'
[0.249s] Level 1:colcon.colcon_core.package_identification:_identify(src/ros_arduino_bridge[ARDUINO]/ROSArduinoBridge) by extension 'python'
[0.249s] Level 1:colcon.colcon_core.package_identification:_identify(src/ros_arduino_bridge[ARDUINO]/ROSArduinoBridge) by extensions ['python_setup_py']
[0.249s] Level 1:colcon.colcon_core.package_identification:_identify(src/ros_arduino_bridge[ARDUINO]/ROSArduinoBridge) by extension 'python_setup_py'
[0.249s] Level 1:colcon.colcon_core.package_identification:_identify(src/serial_motor_control) by extensions ['ignore', 'ignore_ament_install']
[0.249s] Level 1:colcon.colcon_core.package_identification:_identify(src/serial_motor_control) by extension 'ignore'
[0.249s] Level 1:colcon.colcon_core.package_identification:_identify(src/serial_motor_control) by extension 'ignore_ament_install'
[0.249s] Level 1:colcon.colcon_core.package_identification:_identify(src/serial_motor_control) by extensions ['colcon_pkg']
[0.250s] Level 1:colcon.colcon_core.package_identification:_identify(src/serial_motor_control) by extension 'colcon_pkg'
[0.250s] Level 1:colcon.colcon_core.package_identification:_identify(src/serial_motor_control) by extensions ['colcon_meta']
[0.250s] Level 1:colcon.colcon_core.package_identification:_identify(src/serial_motor_control) by extension 'colcon_meta'
[0.250s] Level 1:colcon.colcon_core.package_identification:_identify(src/serial_motor_control) by extensions ['ros']
[0.250s] Level 1:colcon.colcon_core.package_identification:_identify(src/serial_motor_control) by extension 'ros'
[0.250s] Level 1:colcon.colcon_core.package_identification:_identify(src/serial_motor_control) by extensions ['cmake', 'python']
[0.250s] Level 1:colcon.colcon_core.package_identification:_identify(src/serial_motor_control) by extension 'cmake'
[0.250s] Level 1:colcon.colcon_core.package_identification:_identify(src/serial_motor_control) by extension 'python'
[0.250s] Level 1:colcon.colcon_core.package_identification:_identify(src/serial_motor_control) by extensions ['python_setup_py']
[0.250s] Level 1:colcon.colcon_core.package_identification:_identify(src/serial_motor_control) by extension 'python_setup_py'
[0.250s] Level 1:colcon.colcon_core.package_identification:_identify(src/serial_motor_control/serial_motor_control) by extensions ['ignore', 'ignore_ament_install']
[0.250s] Level 1:colcon.colcon_core.package_identification:_identify(src/serial_motor_control/serial_motor_control) by extension 'ignore'
[0.250s] Level 1:colcon.colcon_core.package_identification:_identify(src/serial_motor_control/serial_motor_control) by extension 'ignore_ament_install'
[0.250s] Level 1:colcon.colcon_core.package_identification:_identify(src/serial_motor_control/serial_motor_control) by extensions ['colcon_pkg']
[0.250s] Level 1:colcon.colcon_core.package_identification:_identify(src/serial_motor_control/serial_motor_control) by extension 'colcon_pkg'
[0.250s] Level 1:colcon.colcon_core.package_identification:_identify(src/serial_motor_control/serial_motor_control) by extensions ['colcon_meta']
[0.250s] Level 1:colcon.colcon_core.package_identification:_identify(src/serial_motor_control/serial_motor_control) by extension 'colcon_meta'
[0.250s] Level 1:colcon.colcon_core.package_identification:_identify(src/serial_motor_control/serial_motor_control) by extensions ['ros']
[0.250s] Level 1:colcon.colcon_core.package_identification:_identify(src/serial_motor_control/serial_motor_control) by extension 'ros'
[0.251s] DEBUG:colcon.colcon_core.package_identification:Package 'src/serial_motor_control/serial_motor_control' with type 'ros.ament_python' and name 'serial_motor_control'
[0.251s] Level 1:colcon.colcon_core.package_identification:_identify(src/serial_motor_control/serial_motor_msgs) by extensions ['ignore', 'ignore_ament_install']
[0.251s] Level 1:colcon.colcon_core.package_identification:_identify(src/serial_motor_control/serial_motor_msgs) by extension 'ignore'
[0.251s] Level 1:colcon.colcon_core.package_identification:_identify(src/serial_motor_control/serial_motor_msgs) by extension 'ignore_ament_install'
[0.251s] Level 1:colcon.colcon_core.package_identification:_identify(src/serial_motor_control/serial_motor_msgs) by extensions ['colcon_pkg']
[0.251s] Level 1:colcon.colcon_core.package_identification:_identify(src/serial_motor_control/serial_motor_msgs) by extension 'colcon_pkg'
[0.251s] Level 1:colcon.colcon_core.package_identification:_identify(src/serial_motor_control/serial_motor_msgs) by extensions ['colcon_meta']
[0.251s] Level 1:colcon.colcon_core.package_identification:_identify(src/serial_motor_control/serial_motor_msgs) by extension 'colcon_meta'
[0.251s] Level 1:colcon.colcon_core.package_identification:_identify(src/serial_motor_control/serial_motor_msgs) by extensions ['ros']
[0.251s] Level 1:colcon.colcon_core.package_identification:_identify(src/serial_motor_control/serial_motor_msgs) by extension 'ros'
[0.252s] DEBUG:colcon.colcon_core.package_identification:Package 'src/serial_motor_control/serial_motor_msgs' with type 'ros.ament_cmake' and name 'serial_motor_msgs'
[0.252s] Level 1:colcon.colcon_core.package_discovery:discover_packages(recursive) using defaults
[0.252s] Level 1:colcon.colcon_core.package_discovery:discover_packages(ignore) discover
[0.252s] Level 1:colcon.colcon_core.package_discovery:discover_packages(ignore) using defaults
[0.252s] Level 1:colcon.colcon_core.package_discovery:discover_packages(path) discover
[0.252s] Level 1:colcon.colcon_core.package_discovery:discover_packages(path) using defaults
[0.270s] Level 1:colcon.colcon_core.package_discovery:discover_packages(prefix_path) check parameters
[0.270s] Level 1:colcon.colcon_core.package_discovery:discover_packages(prefix_path) discover
[0.271s] DEBUG:colcon.colcon_installed_package_information.package_discovery:Found 3 installed packages in /home/user/vacuum_robot_ws/install
[0.272s] DEBUG:colcon.colcon_installed_package_information.package_discovery:Found 274 installed packages in /opt/ros/humble
[0.281s] Level 1:colcon.colcon_core.package_discovery:discover_packages(prefix_path) using defaults
[0.316s] Level 5:colcon.colcon_core.verb:set package 'robot_description' build argument 'cmake_args' from command line to 'None'
[0.316s] Level 5:colcon.colcon_core.verb:set package 'robot_description' build argument 'cmake_target' from command line to 'None'
[0.316s] Level 5:colcon.colcon_core.verb:set package 'robot_description' build argument 'cmake_target_skip_unavailable' from command line to 'False'
[0.316s] Level 5:colcon.colcon_core.verb:set package 'robot_description' build argument 'cmake_clean_cache' from command line to 'False'
[0.316s] Level 5:colcon.colcon_core.verb:set package 'robot_description' build argument 'cmake_clean_first' from command line to 'False'
[0.316s] Level 5:colcon.colcon_core.verb:set package 'robot_description' build argument 'cmake_force_configure' from command line to 'False'
[0.316s] Level 5:colcon.colcon_core.verb:set package 'robot_description' build argument 'ament_cmake_args' from command line to 'None'
[0.316s] Level 5:colcon.colcon_core.verb:set package 'robot_description' build argument 'catkin_cmake_args' from command line to 'None'
[0.316s] Level 5:colcon.colcon_core.verb:set package 'robot_description' build argument 'catkin_skip_building_tests' from command line to 'False'
[0.316s] DEBUG:colcon.colcon_core.verb:Building package 'robot_description' with the following arguments: {'ament_cmake_args': None, 'build_base': '/home/user/vacuum_robot_ws/build/robot_description', 'catkin_cmake_args': None, 'catkin_skip_building_tests': False, 'cmake_args': None, 'cmake_clean_cache': False, 'cmake_clean_first': False, 'cmake_force_configure': False, 'cmake_target': None, 'cmake_target_skip_unavailable': False, 'install_base': '/home/user/vacuum_robot_ws/install/robot_description', 'merge_install': False, 'path': '/home/user/vacuum_robot_ws/src/robot_description', 'symlink_install': False, 'test_result_base': None}
[0.316s] Level 5:colcon.colcon_core.verb:set package 'serial_motor_msgs' build argument 'cmake_args' from command line to 'None'
[0.316s] Level 5:colcon.colcon_core.verb:set package 'serial_motor_msgs' build argument 'cmake_target' from command line to 'None'
[0.316s] Level 5:colcon.colcon_core.verb:set package 'serial_motor_msgs' build argument 'cmake_target_skip_unavailable' from command line to 'False'
[0.316s] Level 5:colcon.colcon_core.verb:set package 'serial_motor_msgs' build argument 'cmake_clean_cache' from command line to 'False'
[0.317s] Level 5:colcon.colcon_core.verb:set package 'serial_motor_msgs' build argument 'cmake_clean_first' from command line to 'False'
[0.317s] Level 5:colcon.colcon_core.verb:set package 'serial_motor_msgs' build argument 'cmake_force_configure' from command line to 'False'
[0.317s] Level 5:colcon.colcon_core.verb:set package 'serial_motor_msgs' build argument 'ament_cmake_args' from command line to 'None'
[0.317s] Level 5:colcon.colcon_core.verb:set package 'serial_motor_msgs' build argument 'catkin_cmake_args' from command line to 'None'
[0.317s] Level 5:colcon.colcon_core.verb:set package 'serial_motor_msgs' build argument 'catkin_skip_building_tests' from command line to 'False'
[0.317s] DEBUG:colcon.colcon_core.verb:Building package 'serial_motor_msgs' with the following arguments: {'ament_cmake_args': None, 'build_base': '/home/user/vacuum_robot_ws/build/serial_motor_msgs', 'catkin_cmake_args': None, 'catkin_skip_building_tests': False, 'cmake_args': None, 'cmake_clean_cache': False, 'cmake_clean_first': False, 'cmake_force_configure': False, 'cmake_target': None, 'cmake_target_skip_unavailable': False, 'install_base': '/home/user/vacuum_robot_ws/install/serial_motor_msgs', 'merge_install': False, 'path': '/home/user/vacuum_robot_ws/src/serial_motor_control/serial_motor_msgs', 'symlink_install': False, 'test_result_base': None}
[0.317s] Level 5:colcon.colcon_core.verb:set package 'serial_motor_control' build argument 'cmake_args' from command line to 'None'
[0.317s] Level 5:colcon.colcon_core.verb:set package 'serial_motor_control' build argument 'cmake_target' from command line to 'None'
[0.317s] Level 5:colcon.colcon_core.verb:set package 'serial_motor_control' build argument 'cmake_target_skip_unavailable' from command line to 'False'
[0.317s] Level 5:colcon.colcon_core.verb:set package 'serial_motor_control' build argument 'cmake_clean_cache' from command line to 'False'
[0.317s] Level 5:colcon.colcon_core.verb:set package 'serial_motor_control' build argument 'cmake_clean_first' from command line to 'False'
[0.317s] Level 5:colcon.colcon_core.verb:set package 'serial_motor_control' build argument 'cmake_force_configure' from command line to 'False'
[0.317s] Level 5:colcon.colcon_core.verb:set package 'serial_motor_control' build argument 'ament_cmake_args' from command line to 'None'
[0.317s] Level 5:colcon.colcon_core.verb:set package 'serial_motor_control' build argument 'catkin_cmake_args' from command line to 'None'
[0.317s] Level 5:colcon.colcon_core.verb:set package 'serial_motor_control' build argument 'catkin_skip_building_tests' from command line to 'False'
[0.317s] DEBUG:colcon.colcon_core.verb:Building package 'serial_motor_control' with the following arguments: {'ament_cmake_args': None, 'build_base': '/home/user/vacuum_robot_ws/build/serial_motor_control', 'catkin_cmake_args': None, 'catkin_skip_building_tests': False, 'cmake_args': None, 'cmake_clean_cache': False, 'cmake_clean_first': False, 'cmake_force_configure': False, 'cmake_target': None, 'cmake_target_skip_unavailable': False, 'install_base': '/home/user/vacuum_robot_ws/install/serial_motor_control', 'merge_install': False, 'path': '/home/user/vacuum_robot_ws/src/serial_motor_control/serial_motor_control', 'symlink_install': False, 'test_result_base': None}
[0.317s] INFO:colcon.colcon_core.executor:Executing jobs using 'parallel' executor
[0.318s] DEBUG:colcon.colcon_parallel_executor.executor.parallel:run_until_complete
[0.319s] INFO:colcon.colcon_ros.task.ament_cmake.build:Building ROS package in '/home/user/vacuum_robot_ws/src/serial_motor_control/serial_motor_msgs' with build type 'ament_cmake'
[0.319s] INFO:colcon.colcon_cmake.task.cmake.build:Building CMake package in '/home/user/vacuum_robot_ws/src/serial_motor_control/serial_motor_msgs'
[0.321s] INFO:colcon.colcon_core.plugin_system:Skipping extension 'colcon_core.shell.bat': Not used on non-Windows systems
[0.321s] INFO:colcon.colcon_core.shell:Skip shell extension 'powershell' for command environment: Not usable outside of PowerShell
[0.321s] DEBUG:colcon.colcon_core.shell:Skip shell extension 'dsv' for command environment
[0.324s] INFO:colcon.colcon_ros.task.ament_cmake.build:Building ROS package in '/home/user/vacuum_robot_ws/src/robot_description' with build type 'ament_cmake'
[0.324s] INFO:colcon.colcon_cmake.task.cmake.build:Building CMake package in '/home/user/vacuum_robot_ws/src/robot_description'
[0.324s] INFO:colcon.colcon_core.shell:Skip shell extension 'powershell' for command environment: Not usable outside of PowerShell
[0.325s] DEBUG:colcon.colcon_core.shell:Skip shell extension 'dsv' for command environment
[0.333s] DEBUG:colcon.colcon_core.event_handler.log_command:Invoking command in '/home/user/vacuum_robot_ws/build/serial_motor_msgs': CMAKE_PREFIX_PATH=${CMAKE_PREFIX_PATH}:/home/user/vacuum_robot_ws/install/serial_motor_control:/opt/ros/humble /usr/bin/cmake --build /home/user/vacuum_robot_ws/build/serial_motor_msgs -- -j12 -l12
[0.336s] DEBUG:colcon.colcon_core.event_handler.log_command:Invoking command in '/home/user/vacuum_robot_ws/build/robot_description': CMAKE_PREFIX_PATH=${CMAKE_PREFIX_PATH}:/home/user/vacuum_robot_ws/install/serial_motor_control:/opt/ros/humble /usr/bin/cmake --build /home/user/vacuum_robot_ws/build/robot_description -- -j12 -l12
[0.370s] DEBUG:colcon.colcon_core.event_handler.log_command:Invoked command in '/home/user/vacuum_robot_ws/build/robot_description' returned '0': CMAKE_PREFIX_PATH=${CMAKE_PREFIX_PATH}:/home/user/vacuum_robot_ws/install/serial_motor_control:/opt/ros/humble /usr/bin/cmake --build /home/user/vacuum_robot_ws/build/robot_description -- -j12 -l12
[0.379s] DEBUG:colcon.colcon_core.event_handler.log_command:Invoking command in '/home/user/vacuum_robot_ws/build/robot_description': CMAKE_PREFIX_PATH=${CMAKE_PREFIX_PATH}:/home/user/vacuum_robot_ws/install/serial_motor_control:/opt/ros/humble /usr/bin/cmake --install /home/user/vacuum_robot_ws/build/robot_description
[0.393s] Level 1:colcon.colcon_core.environment:create_environment_scripts_only(robot_description)
[0.394s] DEBUG:colcon.colcon_core.event_handler.log_command:Invoked command in '/home/user/vacuum_robot_ws/build/robot_description' returned '0': CMAKE_PREFIX_PATH=${CMAKE_PREFIX_PATH}:/home/user/vacuum_robot_ws/install/serial_motor_control:/opt/ros/humble /usr/bin/cmake --install /home/user/vacuum_robot_ws/build/robot_description
[0.397s] Level 1:colcon.colcon_core.environment:checking '/home/user/vacuum_robot_ws/install/robot_description' for CMake module files
[0.398s] Level 1:colcon.colcon_core.environment:checking '/home/user/vacuum_robot_ws/install/robot_description' for CMake config files
[0.398s] Level 1:colcon.colcon_core.shell:create_environment_hook('robot_description', 'cmake_prefix_path')
[0.399s] INFO:colcon.colcon_core.shell:Creating environment hook '/home/user/vacuum_robot_ws/install/robot_description/share/robot_description/hook/cmake_prefix_path.ps1'
[0.400s] INFO:colcon.colcon_core.shell:Creating environment descriptor '/home/user/vacuum_robot_ws/install/robot_description/share/robot_description/hook/cmake_prefix_path.dsv'
[0.401s] INFO:colcon.colcon_core.shell:Creating environment hook '/home/user/vacuum_robot_ws/install/robot_description/share/robot_description/hook/cmake_prefix_path.sh'
[0.403s] Level 1:colcon.colcon_core.environment:checking '/home/user/vacuum_robot_ws/install/robot_description/bin'
[0.403s] Level 1:colcon.colcon_core.environment:checking '/home/user/vacuum_robot_ws/install/robot_description/lib/pkgconfig/robot_description.pc'
[0.403s] Level 1:colcon.colcon_core.environment:checking '/home/user/vacuum_robot_ws/install/robot_description/lib/python3.10/site-packages'
[0.404s] Level 1:colcon.colcon_core.environment:checking '/home/user/vacuum_robot_ws/install/robot_description/bin'
[0.404s] INFO:colcon.colcon_core.shell:Creating package script '/home/user/vacuum_robot_ws/install/robot_description/share/robot_description/package.ps1'
[0.406s] INFO:colcon.colcon_core.shell:Creating package descriptor '/home/user/vacuum_robot_ws/install/robot_description/share/robot_description/package.dsv'
[0.407s] INFO:colcon.colcon_core.shell:Creating package script '/home/user/vacuum_robot_ws/install/robot_description/share/robot_description/package.sh'
[0.408s] INFO:colcon.colcon_core.shell:Creating package script '/home/user/vacuum_robot_ws/install/robot_description/share/robot_description/package.bash'
[0.409s] INFO:colcon.colcon_core.shell:Creating package script '/home/user/vacuum_robot_ws/install/robot_description/share/robot_description/package.zsh'
[0.410s] Level 1:colcon.colcon_core.environment:create_file_with_runtime_dependencies(/home/user/vacuum_robot_ws/install/robot_description/share/colcon-core/packages/robot_description)
[0.411s] Level 1:colcon.colcon_core.environment:create_environment_scripts_only(robot_description)
[0.411s] Level 1:colcon.colcon_core.environment:checking '/home/user/vacuum_robot_ws/install/robot_description' for CMake module files
[0.411s] Level 1:colcon.colcon_core.environment:checking '/home/user/vacuum_robot_ws/install/robot_description' for CMake config files
[0.411s] Level 1:colcon.colcon_core.shell:create_environment_hook('robot_description', 'cmake_prefix_path')
[0.412s] INFO:colcon.colcon_core.shell:Creating environment hook '/home/user/vacuum_robot_ws/install/robot_description/share/robot_description/hook/cmake_prefix_path.ps1'
[0.412s] INFO:colcon.colcon_core.shell:Creating environment descriptor '/home/user/vacuum_robot_ws/install/robot_description/share/robot_description/hook/cmake_prefix_path.dsv'
[0.412s] INFO:colcon.colcon_core.shell:Creating environment hook '/home/user/vacuum_robot_ws/install/robot_description/share/robot_description/hook/cmake_prefix_path.sh'
[0.413s] Level 1:colcon.colcon_core.environment:checking '/home/user/vacuum_robot_ws/install/robot_description/bin'
[0.413s] Level 1:colcon.colcon_core.environment:checking '/home/user/vacuum_robot_ws/install/robot_description/lib/pkgconfig/robot_description.pc'
[0.413s] Level 1:colcon.colcon_core.environment:checking '/home/user/vacuum_robot_ws/install/robot_description/lib/python3.10/site-packages'
[0.414s] Level 1:colcon.colcon_core.environment:checking '/home/user/vacuum_robot_ws/install/robot_description/bin'
[0.414s] INFO:colcon.colcon_core.shell:Creating package script '/home/user/vacuum_robot_ws/install/robot_description/share/robot_description/package.ps1'
[0.414s] INFO:colcon.colcon_core.shell:Creating package descriptor '/home/user/vacuum_robot_ws/install/robot_description/share/robot_description/package.dsv'
[0.415s] INFO:colcon.colcon_core.shell:Creating package script '/home/user/vacuum_robot_ws/install/robot_description/share/robot_description/package.sh'
[0.415s] INFO:colcon.colcon_core.shell:Creating package script '/home/user/vacuum_robot_ws/install/robot_description/share/robot_description/package.bash'
[0.416s] INFO:colcon.colcon_core.shell:Creating package script '/home/user/vacuum_robot_ws/install/robot_description/share/robot_description/package.zsh'
[0.416s] Level 1:colcon.colcon_core.environment:create_file_with_runtime_dependencies(/home/user/vacuum_robot_ws/install/robot_description/share/colcon-core/packages/robot_description)
[0.651s] DEBUG:colcon.colcon_core.event_handler.log_command:Invoked command in '/home/user/vacuum_robot_ws/build/serial_motor_msgs' returned '0': CMAKE_PREFIX_PATH=${CMAKE_PREFIX_PATH}:/home/user/vacuum_robot_ws/install/serial_motor_control:/opt/ros/humble /usr/bin/cmake --build /home/user/vacuum_robot_ws/build/serial_motor_msgs -- -j12 -l12
[0.653s] DEBUG:colcon.colcon_core.event_handler.log_command:Invoking command in '/home/user/vacuum_robot_ws/build/serial_motor_msgs': CMAKE_PREFIX_PATH=${CMAKE_PREFIX_PATH}:/home/user/vacuum_robot_ws/install/serial_motor_control:/opt/ros/humble /usr/bin/cmake --install /home/user/vacuum_robot_ws/build/serial_motor_msgs
[0.707s] Level 1:colcon.colcon_core.environment:create_environment_scripts_only(serial_motor_msgs)
[0.708s] Level 1:colcon.colcon_core.environment:checking '/home/user/vacuum_robot_ws/install/serial_motor_msgs' for CMake module files
[0.708s] DEBUG:colcon.colcon_core.event_handler.log_command:Invoked command in '/home/user/vacuum_robot_ws/build/serial_motor_msgs' returned '0': CMAKE_PREFIX_PATH=${CMAKE_PREFIX_PATH}:/home/user/vacuum_robot_ws/install/serial_motor_control:/opt/ros/humble /usr/bin/cmake --install /home/user/vacuum_robot_ws/build/serial_motor_msgs
[0.708s] Level 1:colcon.colcon_core.environment:checking '/home/user/vacuum_robot_ws/install/serial_motor_msgs' for CMake config files
[0.709s] Level 1:colcon.colcon_core.shell:create_environment_hook('serial_motor_msgs', 'cmake_prefix_path')
[0.709s] INFO:colcon.colcon_core.shell:Creating environment hook '/home/user/vacuum_robot_ws/install/serial_motor_msgs/share/serial_motor_msgs/hook/cmake_prefix_path.ps1'
[0.710s] INFO:colcon.colcon_core.shell:Creating environment descriptor '/home/user/vacuum_robot_ws/install/serial_motor_msgs/share/serial_motor_msgs/hook/cmake_prefix_path.dsv'
[0.710s] INFO:colcon.colcon_core.shell:Creating environment hook '/home/user/vacuum_robot_ws/install/serial_motor_msgs/share/serial_motor_msgs/hook/cmake_prefix_path.sh'
[0.710s] Level 1:colcon.colcon_core.environment:checking '/home/user/vacuum_robot_ws/install/serial_motor_msgs/lib'
[0.711s] Level 1:colcon.colcon_core.shell:create_environment_hook('serial_motor_msgs', 'ld_library_path_lib')
[0.711s] INFO:colcon.colcon_core.shell:Creating environment hook '/home/user/vacuum_robot_ws/install/serial_motor_msgs/share/serial_motor_msgs/hook/ld_library_path_lib.ps1'
[0.711s] INFO:colcon.colcon_core.shell:Creating environment descriptor '/home/user/vacuum_robot_ws/install/serial_motor_msgs/share/serial_motor_msgs/hook/ld_library_path_lib.dsv'
[0.712s] INFO:colcon.colcon_core.shell:Creating environment hook '/home/user/vacuum_robot_ws/install/serial_motor_msgs/share/serial_motor_msgs/hook/ld_library_path_lib.sh'
[0.712s] Level 1:colcon.colcon_core.environment:checking '/home/user/vacuum_robot_ws/install/serial_motor_msgs/bin'
[0.712s] Level 1:colcon.colcon_core.environment:checking '/home/user/vacuum_robot_ws/install/serial_motor_msgs/lib/pkgconfig/serial_motor_msgs.pc'
[0.712s] Level 1:colcon.colcon_core.environment:checking '/home/user/vacuum_robot_ws/install/serial_motor_msgs/lib/python3.10/site-packages'
[0.713s] Level 1:colcon.colcon_core.environment:checking '/home/user/vacuum_robot_ws/install/serial_motor_msgs/bin'
[0.713s] INFO:colcon.colcon_core.shell:Creating package script '/home/user/vacuum_robot_ws/install/serial_motor_msgs/share/serial_motor_msgs/package.ps1'
[0.713s] INFO:colcon.colcon_core.shell:Creating package descriptor '/home/user/vacuum_robot_ws/install/serial_motor_msgs/share/serial_motor_msgs/package.dsv'
[0.714s] INFO:colcon.colcon_core.shell:Creating package script '/home/user/vacuum_robot_ws/install/serial_motor_msgs/share/serial_motor_msgs/package.sh'
[0.714s] INFO:colcon.colcon_core.shell:Creating package script '/home/user/vacuum_robot_ws/install/serial_motor_msgs/share/serial_motor_msgs/package.bash'
[0.715s] INFO:colcon.colcon_core.shell:Creating package script '/home/user/vacuum_robot_ws/install/serial_motor_msgs/share/serial_motor_msgs/package.zsh'
[0.715s] Level 1:colcon.colcon_core.environment:create_file_with_runtime_dependencies(/home/user/vacuum_robot_ws/install/serial_motor_msgs/share/colcon-core/packages/serial_motor_msgs)
[0.716s] Level 1:colcon.colcon_core.environment:create_environment_scripts_only(serial_motor_msgs)
[0.716s] Level 1:colcon.colcon_core.environment:checking '/home/user/vacuum_robot_ws/install/serial_motor_msgs' for CMake module files
[0.716s] Level 1:colcon.colcon_core.environment:checking '/home/user/vacuum_robot_ws/install/serial_motor_msgs' for CMake config files
[0.717s] Level 1:colcon.colcon_core.shell:create_environment_hook('serial_motor_msgs', 'cmake_prefix_path')
[0.717s] INFO:colcon.colcon_core.shell:Creating environment hook '/home/user/vacuum_robot_ws/install/serial_motor_msgs/share/serial_motor_msgs/hook/cmake_prefix_path.ps1'
[0.717s] INFO:colcon.colcon_core.shell:Creating environment descriptor '/home/user/vacuum_robot_ws/install/serial_motor_msgs/share/serial_motor_msgs/hook/cmake_prefix_path.dsv'
[0.718s] INFO:colcon.colcon_core.shell:Creating environment hook '/home/user/vacuum_robot_ws/install/serial_motor_msgs/share/serial_motor_msgs/hook/cmake_prefix_path.sh'
[0.718s] Level 1:colcon.colcon_core.environment:checking '/home/user/vacuum_robot_ws/install/serial_motor_msgs/lib'
[0.718s] Level 1:colcon.colcon_core.shell:create_environment_hook('serial_motor_msgs', 'ld_library_path_lib')
[0.719s] INFO:colcon.colcon_core.shell:Creating environment hook '/home/user/vacuum_robot_ws/install/serial_motor_msgs/share/serial_motor_msgs/hook/ld_library_path_lib.ps1'
[0.719s] INFO:colcon.colcon_core.shell:Creating environment descriptor '/home/user/vacuum_robot_ws/install/serial_motor_msgs/share/serial_motor_msgs/hook/ld_library_path_lib.dsv'
[0.720s] INFO:colcon.colcon_core.shell:Creating environment hook '/home/user/vacuum_robot_ws/install/serial_motor_msgs/share/serial_motor_msgs/hook/ld_library_path_lib.sh'
[0.720s] Level 1:colcon.colcon_core.environment:checking '/home/user/vacuum_robot_ws/install/serial_motor_msgs/bin'
[0.720s] Level 1:colcon.colcon_core.environment:checking '/home/user/vacuum_robot_ws/install/serial_motor_msgs/lib/pkgconfig/serial_motor_msgs.pc'
[0.720s] Level 1:colcon.colcon_core.environment:checking '/home/user/vacuum_robot_ws/install/serial_motor_msgs/lib/python3.10/site-packages'
[0.721s] Level 1:colcon.colcon_core.environment:checking '/home/user/vacuum_robot_ws/install/serial_motor_msgs/bin'
[0.721s] INFO:colcon.colcon_core.shell:Creating package script '/home/user/vacuum_robot_ws/install/serial_motor_msgs/share/serial_motor_msgs/package.ps1'
[0.721s] INFO:colcon.colcon_core.shell:Creating package descriptor '/home/user/vacuum_robot_ws/install/serial_motor_msgs/share/serial_motor_msgs/package.dsv'
[0.722s] INFO:colcon.colcon_core.shell:Creating package script '/home/user/vacuum_robot_ws/install/serial_motor_msgs/share/serial_motor_msgs/package.sh'
[0.722s] INFO:colcon.colcon_core.shell:Creating package script '/home/user/vacuum_robot_ws/install/serial_motor_msgs/share/serial_motor_msgs/package.bash'
[0.723s] INFO:colcon.colcon_core.shell:Creating package script '/home/user/vacuum_robot_ws/install/serial_motor_msgs/share/serial_motor_msgs/package.zsh'
[0.723s] Level 1:colcon.colcon_core.environment:create_file_with_runtime_dependencies(/home/user/vacuum_robot_ws/install/serial_motor_msgs/share/colcon-core/packages/serial_motor_msgs)
[0.723s] INFO:colcon.colcon_ros.task.ament_python.build:Building ROS package in '/home/user/vacuum_robot_ws/src/serial_motor_control/serial_motor_control' with build type 'ament_python'
[0.724s] Level 1:colcon.colcon_core.shell:create_environment_hook('serial_motor_control', 'ament_prefix_path')
[0.724s] INFO:colcon.colcon_core.shell:Creating environment hook '/home/user/vacuum_robot_ws/install/serial_motor_control/share/serial_motor_control/hook/ament_prefix_path.ps1'
[0.724s] INFO:colcon.colcon_core.shell:Creating environment descriptor '/home/user/vacuum_robot_ws/install/serial_motor_control/share/serial_motor_control/hook/ament_prefix_path.dsv'
[0.725s] INFO:colcon.colcon_core.shell:Creating environment hook '/home/user/vacuum_robot_ws/install/serial_motor_control/share/serial_motor_control/hook/ament_prefix_path.sh'
[0.726s] INFO:colcon.colcon_core.shell:Skip shell extension 'powershell' for command environment: Not usable outside of PowerShell
[0.726s] DEBUG:colcon.colcon_core.shell:Skip shell extension 'dsv' for command environment
[0.948s] INFO:colcon.colcon_core.task.python.build:Building Python package in '/home/user/vacuum_robot_ws/src/serial_motor_control/serial_motor_control'
[0.948s] INFO:colcon.colcon_core.shell:Skip shell extension 'powershell' for command environment: Not usable outside of PowerShell
[0.948s] DEBUG:colcon.colcon_core.shell:Skip shell extension 'dsv' for command environment
[1.224s] DEBUG:colcon.colcon_core.event_handler.log_command:Invoking command in '/home/user/vacuum_robot_ws/src/serial_motor_control/serial_motor_control': PYTHONPATH=/home/user/vacuum_robot_ws/build/serial_motor_control/prefix_override:/usr/lib/python3/dist-packages/colcon_core/task/python/colcon_distutils_commands:/home/user/vacuum_robot_ws/install/serial_motor_control/lib/python3.10/site-packages:${PYTHONPATH} /usr/bin/python3 -W ignore:setup.py install is deprecated -W ignore:easy_install command is deprecated setup.py egg_info --egg-base ../../../build/serial_motor_control build --build-base /home/user/vacuum_robot_ws/build/serial_motor_control/build install --record /home/user/vacuum_robot_ws/build/serial_motor_control/install.log --install-scripts $base/lib/serial_motor_control --single-version-externally-managed install_data
[1.473s] Level 1:colcon.colcon_core.environment:checking '/home/user/vacuum_robot_ws/install/serial_motor_control' for CMake module files
[1.473s] DEBUG:colcon.colcon_core.event_handler.log_command:Invoked command in '/home/user/vacuum_robot_ws/src/serial_motor_control/serial_motor_control' returned '0': PYTHONPATH=/home/user/vacuum_robot_ws/build/serial_motor_control/prefix_override:/usr/lib/python3/dist-packages/colcon_core/task/python/colcon_distutils_commands:/home/user/vacuum_robot_ws/install/serial_motor_control/lib/python3.10/site-packages:${PYTHONPATH} /usr/bin/python3 -W ignore:setup.py install is deprecated -W ignore:easy_install command is deprecated setup.py egg_info --egg-base ../../../build/serial_motor_control build --build-base /home/user/vacuum_robot_ws/build/serial_motor_control/build install --record /home/user/vacuum_robot_ws/build/serial_motor_control/install.log --install-scripts $base/lib/serial_motor_control --single-version-externally-managed install_data
[1.474s] Level 1:colcon.colcon_core.environment:checking '/home/user/vacuum_robot_ws/install/serial_motor_control' for CMake config files
[1.474s] Level 1:colcon.colcon_core.environment:checking '/home/user/vacuum_robot_ws/install/serial_motor_control/lib'
[1.474s] Level 1:colcon.colcon_core.environment:checking '/home/user/vacuum_robot_ws/install/serial_motor_control/bin'
[1.474s] Level 1:colcon.colcon_core.environment:checking '/home/user/vacuum_robot_ws/install/serial_motor_control/lib/pkgconfig/serial_motor_control.pc'
[1.474s] Level 1:colcon.colcon_core.environment:checking '/home/user/vacuum_robot_ws/install/serial_motor_control/lib/python3.10/site-packages'
[1.474s] Level 1:colcon.colcon_core.shell:create_environment_hook('serial_motor_control', 'pythonpath')
[1.475s] INFO:colcon.colcon_core.shell:Creating environment hook '/home/user/vacuum_robot_ws/install/serial_motor_control/share/serial_motor_control/hook/pythonpath.ps1'
[1.475s] INFO:colcon.colcon_core.shell:Creating environment descriptor '/home/user/vacuum_robot_ws/install/serial_motor_control/share/serial_motor_control/hook/pythonpath.dsv'
[1.475s] INFO:colcon.colcon_core.shell:Creating environment hook '/home/user/vacuum_robot_ws/install/serial_motor_control/share/serial_motor_control/hook/pythonpath.sh'
[1.476s] Level 1:colcon.colcon_core.environment:checking '/home/user/vacuum_robot_ws/install/serial_motor_control/bin'
[1.476s] Level 1:colcon.colcon_core.environment:create_environment_scripts_only(serial_motor_control)
[1.476s] INFO:colcon.colcon_core.shell:Creating package script '/home/user/vacuum_robot_ws/install/serial_motor_control/share/serial_motor_control/package.ps1'
[1.477s] INFO:colcon.colcon_core.shell:Creating package descriptor '/home/user/vacuum_robot_ws/install/serial_motor_control/share/serial_motor_control/package.dsv'
[1.477s] INFO:colcon.colcon_core.shell:Creating package script '/home/user/vacuum_robot_ws/install/serial_motor_control/share/serial_motor_control/package.sh'
[1.477s] INFO:colcon.colcon_core.shell:Creating package script '/home/user/vacuum_robot_ws/install/serial_motor_control/share/serial_motor_control/package.bash'
[1.478s] INFO:colcon.colcon_core.shell:Creating package script '/home/user/vacuum_robot_ws/install/serial_motor_control/share/serial_motor_control/package.zsh'
[1.478s] Level 1:colcon.colcon_core.environment:create_file_with_runtime_dependencies(/home/user/vacuum_robot_ws/install/serial_motor_control/share/colcon-core/packages/serial_motor_control)
[1.478s] DEBUG:colcon.colcon_parallel_executor.executor.parallel:closing loop
[1.479s] DEBUG:colcon.colcon_parallel_executor.executor.parallel:loop closed
[1.479s] DEBUG:colcon.colcon_parallel_executor.executor.parallel:run_until_complete finished with '0'
[1.479s] DEBUG:colcon.colcon_core.event_reactor:joining thread
[1.483s] INFO:colcon.colcon_core.plugin_system:Skipping extension 'colcon_notification.desktop_notification.terminal_notifier': Not used on non-Darwin systems
[1.483s] INFO:colcon.colcon_core.plugin_system:Skipping extension 'colcon_notification.desktop_notification.win32': Not used on non-Windows systems
[1.484s] INFO:colcon.colcon_notification.desktop_notification:Sending desktop notification using 'notify2'
[1.494s] DEBUG:colcon.colcon_core.event_reactor:joined thread
[1.494s] INFO:colcon.colcon_core.shell:Creating prefix script '/home/user/vacuum_robot_ws/install/local_setup.ps1'
[1.495s] INFO:colcon.colcon_core.shell:Creating prefix util module '/home/user/vacuum_robot_ws/install/_local_setup_util_ps1.py'
[1.496s] INFO:colcon.colcon_core.shell:Creating prefix chain script '/home/user/vacuum_robot_ws/install/setup.ps1'
[1.497s] INFO:colcon.colcon_core.shell:Creating prefix script '/home/user/vacuum_robot_ws/install/local_setup.sh'
[1.497s] INFO:colcon.colcon_core.shell:Creating prefix util module '/home/user/vacuum_robot_ws/install/_local_setup_util_sh.py'
[1.498s] INFO:colcon.colcon_core.shell:Creating prefix chain script '/home/user/vacuum_robot_ws/install/setup.sh'
[1.499s] INFO:colcon.colcon_core.shell:Creating prefix script '/home/user/vacuum_robot_ws/install/local_setup.bash'
[1.499s] INFO:colcon.colcon_core.shell:Creating prefix chain script '/home/user/vacuum_robot_ws/install/setup.bash'
[1.500s] INFO:colcon.colcon_core.shell:Creating prefix script '/home/user/vacuum_robot_ws/install/local_setup.zsh'
[1.500s] INFO:colcon.colcon_core.shell:Creating prefix chain script '/home/user/vacuum_robot_ws/install/setup.zsh'
