[0.010s] Invoking command in '/home/user/vacuum_robot_ws/build/robot_description': CMAKE_PREFIX_PATH=/opt/ros/humble /usr/bin/cmake /home/user/vacuum_robot_ws/src/robot_description -DCMAKE_INSTALL_PREFIX=/home/user/vacuum_robot_ws/install/robot_description
[0.059s] -- The C compiler identification is GNU 11.4.0
[0.111s] -- The CXX compiler identification is GNU 11.4.0
[0.117s] -- Detecting C compiler ABI info
[0.183s] -- Detecting C compiler ABI info - done
[0.198s] -- Check for working C compiler: /usr/bin/cc - skipped
[0.199s] -- Detecting C compile features
[0.199s] -- Detecting C compile features - done
[0.204s] -- Detecting CXX compiler ABI info
[0.283s] -- Detecting CXX compiler ABI info - done
[0.291s] -- Check for working CXX compiler: /usr/bin/c++ - skipped
[0.291s] -- Detecting CXX compile features
[0.292s] -- Detecting CXX compile features - done
[0.294s] -- Found ament_cmake: 1.3.11 (/opt/ros/humble/share/ament_cmake/cmake)
[0.446s] -- Found Python3: /usr/bin/python3 (found version "3.10.12") found components: Interpreter 
[0.527s] -- Found ament_lint_auto: 0.12.11 (/opt/ros/humble/share/ament_lint_auto/cmake)
[0.603s] -- Added test 'copyright' to check source files copyright and LICENSE
[0.606s] -- Added test 'flake8' to check Python code syntax and style conventions
[0.607s] -- Added test 'lint_cmake' to check CMake code style
[0.607s] -- Added test 'pep257' to check Python code against some of the docstring style conventions in PEP 257
[0.609s] -- Added test 'xmllint' to check XML markup files
[0.613s] -- Configuring done
[0.615s] -- Generating done
[0.617s] -- Build files have been written to: /home/user/vacuum_robot_ws/build/robot_description
[0.621s] Invoked command in '/home/user/vacuum_robot_ws/build/robot_description' returned '0': CMAKE_PREFIX_PATH=/opt/ros/humble /usr/bin/cmake /home/user/vacuum_robot_ws/src/robot_description -DCMAKE_INSTALL_PREFIX=/home/user/vacuum_robot_ws/install/robot_description
[0.623s] Invoking command in '/home/user/vacuum_robot_ws/build/robot_description': CMAKE_PREFIX_PATH=/opt/ros/humble /usr/bin/cmake --build /home/user/vacuum_robot_ws/build/robot_description -- -j12 -l12
[0.658s] Invoked command in '/home/user/vacuum_robot_ws/build/robot_description' returned '0': CMAKE_PREFIX_PATH=/opt/ros/humble /usr/bin/cmake --build /home/user/vacuum_robot_ws/build/robot_description -- -j12 -l12
[0.667s] Invoking command in '/home/user/vacuum_robot_ws/build/robot_description': CMAKE_PREFIX_PATH=/opt/ros/humble /usr/bin/cmake --install /home/user/vacuum_robot_ws/build/robot_description
[0.673s] -- Install configuration: ""
[0.673s] -- Installing: /home/user/vacuum_robot_ws/install/robot_description/share/robot_description/config
[0.674s] -- Installing: /home/user/vacuum_robot_ws/install/robot_description/share/robot_description/config/empty.yaml
[0.674s] -- Installing: /home/user/vacuum_robot_ws/install/robot_description/share/robot_description/description
[0.674s] -- Installing: /home/user/vacuum_robot_ws/install/robot_description/share/robot_description/description/robot.urdf.xacro
[0.674s] -- Installing: /home/user/vacuum_robot_ws/install/robot_description/share/robot_description/description/robot_core.xacro
[0.674s] -- Installing: /home/user/vacuum_robot_ws/install/robot_description/share/robot_description/launch
[0.674s] -- Installing: /home/user/vacuum_robot_ws/install/robot_description/share/robot_description/launch/rsp.launch.py
[0.675s] -- Installing: /home/user/vacuum_robot_ws/install/robot_description/share/robot_description/worlds
[0.675s] -- Installing: /home/user/vacuum_robot_ws/install/robot_description/share/robot_description/worlds/empty.world
[0.675s] -- Installing: /home/user/vacuum_robot_ws/install/robot_description/share/ament_index/resource_index/package_run_dependencies/robot_description
[0.675s] -- Installing: /home/user/vacuum_robot_ws/install/robot_description/share/ament_index/resource_index/parent_prefix_path/robot_description
[0.675s] -- Installing: /home/user/vacuum_robot_ws/install/robot_description/share/robot_description/environment/ament_prefix_path.sh
[0.675s] -- Installing: /home/user/vacuum_robot_ws/install/robot_description/share/robot_description/environment/ament_prefix_path.dsv
[0.676s] -- Installing: /home/user/vacuum_robot_ws/install/robot_description/share/robot_description/environment/path.sh
[0.676s] -- Installing: /home/user/vacuum_robot_ws/install/robot_description/share/robot_description/environment/path.dsv
[0.676s] -- Installing: /home/user/vacuum_robot_ws/install/robot_description/share/robot_description/local_setup.bash
[0.676s] -- Installing: /home/user/vacuum_robot_ws/install/robot_description/share/robot_description/local_setup.sh
[0.676s] -- Installing: /home/user/vacuum_robot_ws/install/robot_description/share/robot_description/local_setup.zsh
[0.676s] -- Installing: /home/user/vacuum_robot_ws/install/robot_description/share/robot_description/local_setup.dsv
[0.677s] -- Installing: /home/user/vacuum_robot_ws/install/robot_description/share/robot_description/package.dsv
[0.677s] -- Installing: /home/user/vacuum_robot_ws/install/robot_description/share/ament_index/resource_index/packages/robot_description
[0.677s] -- Installing: /home/user/vacuum_robot_ws/install/robot_description/share/robot_description/cmake/robot_descriptionConfig.cmake
[0.677s] -- Installing: /home/user/vacuum_robot_ws/install/robot_description/share/robot_description/cmake/robot_descriptionConfig-version.cmake
[0.677s] -- Installing: /home/user/vacuum_robot_ws/install/robot_description/share/robot_description/package.xml
[0.678s] Invoked command in '/home/user/vacuum_robot_ws/build/robot_description' returned '0': CMAKE_PREFIX_PATH=/opt/ros/humble /usr/bin/cmake --install /home/user/vacuum_robot_ws/build/robot_description
