running egg_info
creating ../../../build/serial_motor_control/serial_motor_control.egg-info
writing ../../../build/serial_motor_control/serial_motor_control.egg-info/PKG-INFO
writing dependency_links to ../../../build/serial_motor_control/serial_motor_control.egg-info/dependency_links.txt
writing entry points to ../../../build/serial_motor_control/serial_motor_control.egg-info/entry_points.txt
writing requirements to ../../../build/serial_motor_control/serial_motor_control.egg-info/requires.txt
writing top-level names to ../../../build/serial_motor_control/serial_motor_control.egg-info/top_level.txt
writing manifest file '../../../build/serial_motor_control/serial_motor_control.egg-info/SOURCES.txt'
reading manifest file '../../../build/serial_motor_control/serial_motor_control.egg-info/SOURCES.txt'
writing manifest file '../../../build/serial_motor_control/serial_motor_control.egg-info/SOURCES.txt'
running build
running build_py
creating /home/user/vacuum_robot_ws/build/serial_motor_control/build
creating /home/user/vacuum_robot_ws/build/serial_motor_control/build/lib
creating /home/user/vacuum_robot_ws/build/serial_motor_control/build/lib/serial_motor_control
copying serial_motor_control/gui.py -> /home/user/vacuum_robot_ws/build/serial_motor_control/build/lib/serial_motor_control
copying serial_motor_control/__init__.py -> /home/user/vacuum_robot_ws/build/serial_motor_control/build/lib/serial_motor_control
copying serial_motor_control/driver.py -> /home/user/vacuum_robot_ws/build/serial_motor_control/build/lib/serial_motor_control
running install
running install_lib
creating /home/user/vacuum_robot_ws/install/serial_motor_control/lib/python3.10/site-packages/serial_motor_control
copying /home/user/vacuum_robot_ws/build/serial_motor_control/build/lib/serial_motor_control/gui.py -> /home/user/vacuum_robot_ws/install/serial_motor_control/lib/python3.10/site-packages/serial_motor_control
copying /home/user/vacuum_robot_ws/build/serial_motor_control/build/lib/serial_motor_control/__init__.py -> /home/user/vacuum_robot_ws/install/serial_motor_control/lib/python3.10/site-packages/serial_motor_control
copying /home/user/vacuum_robot_ws/build/serial_motor_control/build/lib/serial_motor_control/driver.py -> /home/user/vacuum_robot_ws/install/serial_motor_control/lib/python3.10/site-packages/serial_motor_control
byte-compiling /home/user/vacuum_robot_ws/install/serial_motor_control/lib/python3.10/site-packages/serial_motor_control/gui.py to gui.cpython-310.pyc
byte-compiling /home/user/vacuum_robot_ws/install/serial_motor_control/lib/python3.10/site-packages/serial_motor_control/__init__.py to __init__.cpython-310.pyc
byte-compiling /home/user/vacuum_robot_ws/install/serial_motor_control/lib/python3.10/site-packages/serial_motor_control/driver.py to driver.cpython-310.pyc
running install_data
creating /home/user/vacuum_robot_ws/install/serial_motor_control/share/ament_index
creating /home/user/vacuum_robot_ws/install/serial_motor_control/share/ament_index/resource_index
creating /home/user/vacuum_robot_ws/install/serial_motor_control/share/ament_index/resource_index/packages
copying resource/serial_motor_control -> /home/user/vacuum_robot_ws/install/serial_motor_control/share/ament_index/resource_index/packages
copying package.xml -> /home/user/vacuum_robot_ws/install/serial_motor_control/share/serial_motor_control
running install_egg_info
Copying ../../../build/serial_motor_control/serial_motor_control.egg-info to /home/user/vacuum_robot_ws/install/serial_motor_control/lib/python3.10/site-packages/serial_motor_control-0.0.0-py3.10.egg-info
running install_scripts
Installing driver script to /home/user/vacuum_robot_ws/install/serial_motor_control/lib/serial_motor_control
Installing gui script to /home/user/vacuum_robot_ws/install/serial_motor_control/lib/serial_motor_control
writing list of installed files to '/home/user/vacuum_robot_ws/build/serial_motor_control/install.log'
