[0.504s] Invoking command in '/home/user/vacuum_robot_ws/src/serial_motor_control/serial_motor_control': AMENT_PREFIX_PATH=/home/user/vacuum_robot_ws/install/serial_motor_msgs:${AMENT_PREFIX_PATH} CMAKE_PREFIX_PATH=/home/user/vacuum_robot_ws/install/serial_motor_msgs LD_LIBRARY_PATH=/home/user/vacuum_robot_ws/install/serial_motor_msgs/lib:${LD_LIBRARY_PATH} PYTHONPATH=/home/user/vacuum_robot_ws/build/serial_motor_control/prefix_override:/usr/lib/python3/dist-packages/colcon_core/task/python/colcon_distutils_commands:/home/user/vacuum_robot_ws/install/serial_motor_control/lib/python3.10/site-packages:/home/user/vacuum_robot_ws/install/serial_motor_msgs/local/lib/python3.10/dist-packages:${PYTHONPATH} /usr/bin/python3 -W ignore:setup.py install is deprecated -W ignore:easy_install command is deprecated setup.py egg_info --egg-base ../../../build/serial_motor_control build --build-base /home/user/vacuum_robot_ws/build/serial_motor_control/build install --record /home/user/vacuum_robot_ws/build/serial_motor_control/install.log --install-scripts $base/lib/serial_motor_control --single-version-externally-managed install_data
[0.698s] /usr/lib/python3/dist-packages/setuptools/dist.py:723: UserWarning: Usage of dash-separated 'script-dir' will not be supported in future versions. Please use the underscore name 'script_dir' instead
[0.698s]   warnings.warn(
[0.705s] running egg_info
[0.705s] creating ../../../build/serial_motor_control/serial_motor_control.egg-info
[0.705s] writing ../../../build/serial_motor_control/serial_motor_control.egg-info/PKG-INFO
[0.706s] writing dependency_links to ../../../build/serial_motor_control/serial_motor_control.egg-info/dependency_links.txt
[0.706s] writing entry points to ../../../build/serial_motor_control/serial_motor_control.egg-info/entry_points.txt
[0.706s] writing requirements to ../../../build/serial_motor_control/serial_motor_control.egg-info/requires.txt
[0.706s] writing top-level names to ../../../build/serial_motor_control/serial_motor_control.egg-info/top_level.txt
[0.706s] writing manifest file '../../../build/serial_motor_control/serial_motor_control.egg-info/SOURCES.txt'
[0.707s] reading manifest file '../../../build/serial_motor_control/serial_motor_control.egg-info/SOURCES.txt'
[0.708s] writing manifest file '../../../build/serial_motor_control/serial_motor_control.egg-info/SOURCES.txt'
[0.708s] running build
[0.708s] running build_py
[0.709s] creating /home/user/vacuum_robot_ws/build/serial_motor_control/build
[0.709s] creating /home/user/vacuum_robot_ws/build/serial_motor_control/build/lib
[0.709s] creating /home/user/vacuum_robot_ws/build/serial_motor_control/build/lib/serial_motor_control
[0.709s] copying serial_motor_control/gui.py -> /home/user/vacuum_robot_ws/build/serial_motor_control/build/lib/serial_motor_control
[0.709s] copying serial_motor_control/__init__.py -> /home/user/vacuum_robot_ws/build/serial_motor_control/build/lib/serial_motor_control
[0.709s] copying serial_motor_control/driver.py -> /home/user/vacuum_robot_ws/build/serial_motor_control/build/lib/serial_motor_control
[0.710s] running install
[0.710s] running install_lib
[0.710s] creating /home/user/vacuum_robot_ws/install/serial_motor_control/lib/python3.10/site-packages/serial_motor_control
[0.711s] copying /home/user/vacuum_robot_ws/build/serial_motor_control/build/lib/serial_motor_control/gui.py -> /home/user/vacuum_robot_ws/install/serial_motor_control/lib/python3.10/site-packages/serial_motor_control
[0.711s] copying /home/user/vacuum_robot_ws/build/serial_motor_control/build/lib/serial_motor_control/__init__.py -> /home/user/vacuum_robot_ws/install/serial_motor_control/lib/python3.10/site-packages/serial_motor_control
[0.711s] copying /home/user/vacuum_robot_ws/build/serial_motor_control/build/lib/serial_motor_control/driver.py -> /home/user/vacuum_robot_ws/install/serial_motor_control/lib/python3.10/site-packages/serial_motor_control
[0.711s] byte-compiling /home/user/vacuum_robot_ws/install/serial_motor_control/lib/python3.10/site-packages/serial_motor_control/gui.py to gui.cpython-310.pyc
[0.713s] byte-compiling /home/user/vacuum_robot_ws/install/serial_motor_control/lib/python3.10/site-packages/serial_motor_control/__init__.py to __init__.cpython-310.pyc
[0.713s] byte-compiling /home/user/vacuum_robot_ws/install/serial_motor_control/lib/python3.10/site-packages/serial_motor_control/driver.py to driver.cpython-310.pyc
[0.714s] running install_data
[0.714s] creating /home/user/vacuum_robot_ws/install/serial_motor_control/share/ament_index
[0.714s] creating /home/user/vacuum_robot_ws/install/serial_motor_control/share/ament_index/resource_index
[0.715s] creating /home/user/vacuum_robot_ws/install/serial_motor_control/share/ament_index/resource_index/packages
[0.715s] copying resource/serial_motor_control -> /home/user/vacuum_robot_ws/install/serial_motor_control/share/ament_index/resource_index/packages
[0.715s] copying package.xml -> /home/user/vacuum_robot_ws/install/serial_motor_control/share/serial_motor_control
[0.715s] running install_egg_info
[0.716s] Copying ../../../build/serial_motor_control/serial_motor_control.egg-info to /home/user/vacuum_robot_ws/install/serial_motor_control/lib/python3.10/site-packages/serial_motor_control-0.0.0-py3.10.egg-info
[0.717s] running install_scripts
[0.736s] Installing driver script to /home/user/vacuum_robot_ws/install/serial_motor_control/lib/serial_motor_control
[0.736s] Installing gui script to /home/user/vacuum_robot_ws/install/serial_motor_control/lib/serial_motor_control
[0.736s] writing list of installed files to '/home/user/vacuum_robot_ws/build/serial_motor_control/install.log'
[0.754s] Invoked command in '/home/user/vacuum_robot_ws/src/serial_motor_control/serial_motor_control' returned '0': AMENT_PREFIX_PATH=/home/user/vacuum_robot_ws/install/serial_motor_msgs:${AMENT_PREFIX_PATH} CMAKE_PREFIX_PATH=/home/user/vacuum_robot_ws/install/serial_motor_msgs LD_LIBRARY_PATH=/home/user/vacuum_robot_ws/install/serial_motor_msgs/lib:${LD_LIBRARY_PATH} PYTHONPATH=/home/user/vacuum_robot_ws/build/serial_motor_control/prefix_override:/usr/lib/python3/dist-packages/colcon_core/task/python/colcon_distutils_commands:/home/user/vacuum_robot_ws/install/serial_motor_control/lib/python3.10/site-packages:/home/user/vacuum_robot_ws/install/serial_motor_msgs/local/lib/python3.10/dist-packages:${PYTHONPATH} /usr/bin/python3 -W ignore:setup.py install is deprecated -W ignore:easy_install command is deprecated setup.py egg_info --egg-base ../../../build/serial_motor_control build --build-base /home/user/vacuum_robot_ws/build/serial_motor_control/build install --record /home/user/vacuum_robot_ws/build/serial_motor_control/install.log --install-scripts $base/lib/serial_motor_control --single-version-externally-managed install_data
