[0.573s] Invoking command in '/home/user/vacuum_robot_ws/src/serial_motor_control/serial_motor_control': PYTHONPATH=/home/user/vacuum_robot_ws/build/serial_motor_control/prefix_override:/usr/lib/python3/dist-packages/colcon_core/task/python/colcon_distutils_commands:/home/user/vacuum_robot_ws/install/serial_motor_control/lib/python3.10/site-packages:${PYTHONPATH} /usr/bin/python3 -W ignore:setup.py install is deprecated -W ignore:easy_install command is deprecated setup.py egg_info --egg-base ../../../build/serial_motor_control build --build-base /home/user/vacuum_robot_ws/build/serial_motor_control/build install --record /home/user/vacuum_robot_ws/build/serial_motor_control/install.log --install-scripts $base/lib/serial_motor_control --single-version-externally-managed install_data
[0.769s] /usr/lib/python3/dist-packages/setuptools/dist.py:723: UserWarning: Usage of dash-separated 'script-dir' will not be supported in future versions. Please use the underscore name 'script_dir' instead
[0.769s]   warnings.warn(
[0.776s] running egg_info
[0.777s] writing ../../../build/serial_motor_control/serial_motor_control.egg-info/PKG-INFO
[0.777s] writing dependency_links to ../../../build/serial_motor_control/serial_motor_control.egg-info/dependency_links.txt
[0.777s] writing entry points to ../../../build/serial_motor_control/serial_motor_control.egg-info/entry_points.txt
[0.777s] writing requirements to ../../../build/serial_motor_control/serial_motor_control.egg-info/requires.txt
[0.778s] writing top-level names to ../../../build/serial_motor_control/serial_motor_control.egg-info/top_level.txt
[0.779s] reading manifest file '../../../build/serial_motor_control/serial_motor_control.egg-info/SOURCES.txt'
[0.780s] writing manifest file '../../../build/serial_motor_control/serial_motor_control.egg-info/SOURCES.txt'
[0.780s] running build
[0.780s] running build_py
[0.780s] copying serial_motor_control/driver.py -> /home/user/vacuum_robot_ws/build/serial_motor_control/build/lib/serial_motor_control
[0.781s] running install
[0.781s] running install_lib
[0.782s] copying /home/user/vacuum_robot_ws/build/serial_motor_control/build/lib/serial_motor_control/driver.py -> /home/user/vacuum_robot_ws/install/serial_motor_control/lib/python3.10/site-packages/serial_motor_control
[0.782s] byte-compiling /home/user/vacuum_robot_ws/install/serial_motor_control/lib/python3.10/site-packages/serial_motor_control/driver.py to driver.cpython-310.pyc
[0.783s] running install_data
[0.783s] running install_egg_info
[0.785s] removing '/home/user/vacuum_robot_ws/install/serial_motor_control/lib/python3.10/site-packages/serial_motor_control-0.0.0-py3.10.egg-info' (and everything under it)
[0.785s] Copying ../../../build/serial_motor_control/serial_motor_control.egg-info to /home/user/vacuum_robot_ws/install/serial_motor_control/lib/python3.10/site-packages/serial_motor_control-0.0.0-py3.10.egg-info
[0.786s] running install_scripts
[0.805s] Installing driver script to /home/user/vacuum_robot_ws/install/serial_motor_control/lib/serial_motor_control
[0.805s] Installing gui script to /home/user/vacuum_robot_ws/install/serial_motor_control/lib/serial_motor_control
[0.805s] writing list of installed files to '/home/user/vacuum_robot_ws/build/serial_motor_control/install.log'
[0.823s] Invoked command in '/home/user/vacuum_robot_ws/src/serial_motor_control/serial_motor_control' returned '0': PYTHONPATH=/home/user/vacuum_robot_ws/build/serial_motor_control/prefix_override:/usr/lib/python3/dist-packages/colcon_core/task/python/colcon_distutils_commands:/home/user/vacuum_robot_ws/install/serial_motor_control/lib/python3.10/site-packages:${PYTHONPATH} /usr/bin/python3 -W ignore:setup.py install is deprecated -W ignore:easy_install command is deprecated setup.py egg_info --egg-base ../../../build/serial_motor_control build --build-base /home/user/vacuum_robot_ws/build/serial_motor_control/build install --record /home/user/vacuum_robot_ws/build/serial_motor_control/install.log --install-scripts $base/lib/serial_motor_control --single-version-externally-managed install_data
