[0.008s] Invoking command in '/home/user/dev_ws/build/my_bot': CMAKE_PREFIX_PATH=${CMAKE_PREFIX_PATH}:/opt/ros/humble /usr/bin/cmake /home/user/dev_ws/src/vacuum_robot -DCMAKE_INSTALL_PREFIX=/home/user/dev_ws/install/my_bot
[0.017s] -- Found ament_cmake: 1.3.11 (/opt/ros/humble/share/ament_cmake/cmake)
[0.107s] -- Override CMake install command with custom implementation using symlinks instead of copying resources
[0.113s] -- Found ament_lint_auto: 0.12.11 (/opt/ros/humble/share/ament_lint_auto/cmake)
[0.166s] -- Added test 'copyright' to check source files copyright and LICENSE
[0.173s] -- Added test 'flake8' to check Python code syntax and style conventions
[0.173s] -- Added test 'lint_cmake' to check CMake code style
[0.174s] -- Added test 'pep257' to check Python code against some of the docstring style conventions in PEP 257
[0.176s] -- Added test 'xmllint' to check XML markup files
[0.177s] -- Configuring done
[0.179s] -- Generating done
[0.181s] -- Build files have been written to: /home/user/dev_ws/build/my_bot
[0.183s] Invoked command in '/home/user/dev_ws/build/my_bot' returned '0': CMAKE_PREFIX_PATH=${CMAKE_PREFIX_PATH}:/opt/ros/humble /usr/bin/cmake /home/user/dev_ws/src/vacuum_robot -DCMAKE_INSTALL_PREFIX=/home/user/dev_ws/install/my_bot
[0.184s] Invoking command in '/home/user/dev_ws/build/my_bot': CMAKE_PREFIX_PATH=${CMAKE_PREFIX_PATH}:/opt/ros/humble /usr/bin/cmake --build /home/user/dev_ws/build/my_bot -- -j12 -l12
[0.209s] Invoked command in '/home/user/dev_ws/build/my_bot' returned '0': CMAKE_PREFIX_PATH=${CMAKE_PREFIX_PATH}:/opt/ros/humble /usr/bin/cmake --build /home/user/dev_ws/build/my_bot -- -j12 -l12
[0.217s] Invoking command in '/home/user/dev_ws/build/my_bot': CMAKE_PREFIX_PATH=${CMAKE_PREFIX_PATH}:/opt/ros/humble /usr/bin/cmake --install /home/user/dev_ws/build/my_bot
[0.223s] -- Install configuration: ""
[0.223s] -- Execute custom install script
[0.223s] -- Up-to-date symlink: /home/user/dev_ws/install/my_bot/share/my_bot/config/empty.yaml
[0.223s] -- Up-to-date symlink: /home/user/dev_ws/install/my_bot/share/my_bot/description/robot.urdf.xacro
[0.224s] -- Up-to-date symlink: /home/user/dev_ws/install/my_bot/share/my_bot/description/robot_core.xacro
[0.224s] -- Up-to-date symlink: /home/user/dev_ws/install/my_bot/share/my_bot/launch/rsp.launch.py
[0.224s] -- Up-to-date symlink: /home/user/dev_ws/install/my_bot/share/my_bot/worlds/empty.world
[0.224s] -- Up-to-date symlink: /home/user/dev_ws/install/my_bot/share/ament_index/resource_index/package_run_dependencies/my_bot
[0.224s] -- Up-to-date symlink: /home/user/dev_ws/install/my_bot/share/ament_index/resource_index/parent_prefix_path/my_bot
[0.225s] -- Up-to-date symlink: /home/user/dev_ws/install/my_bot/share/my_bot/environment/ament_prefix_path.sh
[0.225s] -- Up-to-date symlink: /home/user/dev_ws/install/my_bot/share/my_bot/environment/ament_prefix_path.dsv
[0.225s] -- Up-to-date symlink: /home/user/dev_ws/install/my_bot/share/my_bot/environment/path.sh
[0.225s] -- Up-to-date symlink: /home/user/dev_ws/install/my_bot/share/my_bot/environment/path.dsv
[0.225s] -- Up-to-date symlink: /home/user/dev_ws/install/my_bot/share/my_bot/local_setup.bash
[0.226s] -- Up-to-date symlink: /home/user/dev_ws/install/my_bot/share/my_bot/local_setup.sh
[0.226s] -- Up-to-date symlink: /home/user/dev_ws/install/my_bot/share/my_bot/local_setup.zsh
[0.226s] -- Up-to-date symlink: /home/user/dev_ws/install/my_bot/share/my_bot/local_setup.dsv
[0.226s] -- Symlinking: /home/user/dev_ws/install/my_bot/share/my_bot/package.dsv
[0.233s] -- Up-to-date symlink: /home/user/dev_ws/install/my_bot/share/ament_index/resource_index/packages/my_bot
[0.233s] -- Up-to-date symlink: /home/user/dev_ws/install/my_bot/share/my_bot/cmake/my_botConfig.cmake
[0.233s] -- Up-to-date symlink: /home/user/dev_ws/install/my_bot/share/my_bot/cmake/my_botConfig-version.cmake
[0.233s] -- Up-to-date symlink: /home/user/dev_ws/install/my_bot/share/my_bot/package.xml
[0.235s] Invoked command in '/home/user/dev_ws/build/my_bot' returned '0': CMAKE_PREFIX_PATH=${CMAKE_PREFIX_PATH}:/opt/ros/humble /usr/bin/cmake --install /home/user/dev_ws/build/my_bot
