[0.008s] Invoking command in '/home/user/dev_ws/build/my_bot': CMAKE_PREFIX_PATH=${CMAKE_PREFIX_PATH}:/opt/ros/humble /usr/bin/cmake /home/user/dev_ws/src/vacuum_robot -DCMAKE_INSTALL_PREFIX=/home/user/dev_ws/install/my_bot
[0.048s] -- The C compiler identification is GNU 11.4.0
[0.091s] -- The CXX compiler identification is GNU 11.4.0
[0.097s] -- Detecting C compiler ABI info
[0.149s] -- Detecting C compiler ABI info - done
[0.155s] -- Check for working C compiler: /usr/bin/cc - skipped
[0.155s] -- Detecting C compile features
[0.156s] -- Detecting C compile features - done
[0.158s] -- Detecting CXX compiler ABI info
[0.220s] -- Detecting CXX compiler ABI info - done
[0.227s] -- Check for working CXX compiler: /usr/bin/c++ - skipped
[0.228s] -- Detecting CXX compile features
[0.228s] -- Detecting CXX compile features - done
[0.229s] -- Found ament_cmake: 1.3.11 (/opt/ros/humble/share/ament_cmake/cmake)
[0.347s] -- Found Python3: /usr/bin/python3 (found version "3.10.12") found components: Interpreter 
[0.415s] -- Found ament_lint_auto: 0.12.11 (/opt/ros/humble/share/ament_lint_auto/cmake)
[0.490s] -- Added test 'copyright' to check source files copyright and LICENSE
[0.495s] -- Added test 'flake8' to check Python code syntax and style conventions
[0.495s] -- Added test 'lint_cmake' to check CMake code style
[0.496s] -- Added test 'pep257' to check Python code against some of the docstring style conventions in PEP 257
[0.498s] -- Added test 'xmllint' to check XML markup files
[0.499s] -- Configuring done
[0.501s] -- Generating done
[0.502s] -- Build files have been written to: /home/user/dev_ws/build/my_bot
[0.505s] Invoked command in '/home/user/dev_ws/build/my_bot' returned '0': CMAKE_PREFIX_PATH=${CMAKE_PREFIX_PATH}:/opt/ros/humble /usr/bin/cmake /home/user/dev_ws/src/vacuum_robot -DCMAKE_INSTALL_PREFIX=/home/user/dev_ws/install/my_bot
[0.506s] Invoking command in '/home/user/dev_ws/build/my_bot': CMAKE_PREFIX_PATH=${CMAKE_PREFIX_PATH}:/opt/ros/humble /usr/bin/cmake --build /home/user/dev_ws/build/my_bot -- -j12 -l12
[0.533s] Invoked command in '/home/user/dev_ws/build/my_bot' returned '0': CMAKE_PREFIX_PATH=${CMAKE_PREFIX_PATH}:/opt/ros/humble /usr/bin/cmake --build /home/user/dev_ws/build/my_bot -- -j12 -l12
[0.541s] Invoking command in '/home/user/dev_ws/build/my_bot': CMAKE_PREFIX_PATH=${CMAKE_PREFIX_PATH}:/opt/ros/humble /usr/bin/cmake --install /home/user/dev_ws/build/my_bot
[0.548s] -- Install configuration: ""
[0.548s] -- Installing: /home/user/dev_ws/install/my_bot/share/my_bot/config
[0.548s] -- Installing: /home/user/dev_ws/install/my_bot/share/my_bot/config/empty.yaml
[0.548s] -- Installing: /home/user/dev_ws/install/my_bot/share/my_bot/description
[0.548s] -- Installing: /home/user/dev_ws/install/my_bot/share/my_bot/description/robot.urdf.xacro
[0.548s] -- Installing: /home/user/dev_ws/install/my_bot/share/my_bot/launch
[0.548s] -- Installing: /home/user/dev_ws/install/my_bot/share/my_bot/launch/rsp.launch.py
[0.549s] -- Installing: /home/user/dev_ws/install/my_bot/share/my_bot/worlds
[0.549s] -- Installing: /home/user/dev_ws/install/my_bot/share/my_bot/worlds/empty.world
[0.549s] -- Installing: /home/user/dev_ws/install/my_bot/share/ament_index/resource_index/package_run_dependencies/my_bot
[0.549s] -- Installing: /home/user/dev_ws/install/my_bot/share/ament_index/resource_index/parent_prefix_path/my_bot
[0.549s] -- Installing: /home/user/dev_ws/install/my_bot/share/my_bot/environment/ament_prefix_path.sh
[0.549s] -- Installing: /home/user/dev_ws/install/my_bot/share/my_bot/environment/ament_prefix_path.dsv
[0.549s] -- Installing: /home/user/dev_ws/install/my_bot/share/my_bot/environment/path.sh
[0.549s] -- Installing: /home/user/dev_ws/install/my_bot/share/my_bot/environment/path.dsv
[0.549s] -- Installing: /home/user/dev_ws/install/my_bot/share/my_bot/local_setup.bash
[0.549s] -- Installing: /home/user/dev_ws/install/my_bot/share/my_bot/local_setup.sh
[0.549s] -- Installing: /home/user/dev_ws/install/my_bot/share/my_bot/local_setup.zsh
[0.549s] -- Installing: /home/user/dev_ws/install/my_bot/share/my_bot/local_setup.dsv
[0.550s] -- Installing: /home/user/dev_ws/install/my_bot/share/my_bot/package.dsv
[0.550s] -- Installing: /home/user/dev_ws/install/my_bot/share/ament_index/resource_index/packages/my_bot
[0.550s] -- Installing: /home/user/dev_ws/install/my_bot/share/my_bot/cmake/my_botConfig.cmake
[0.550s] -- Installing: /home/user/dev_ws/install/my_bot/share/my_bot/cmake/my_botConfig-version.cmake
[0.550s] -- Installing: /home/user/dev_ws/install/my_bot/share/my_bot/package.xml
[0.552s] Invoked command in '/home/user/dev_ws/build/my_bot' returned '0': CMAKE_PREFIX_PATH=${CMAKE_PREFIX_PATH}:/opt/ros/humble /usr/bin/cmake --install /home/user/dev_ws/build/my_bot
