[0.101s] DEBUG:colcon:Command line arguments: ['/usr/bin/colcon', 'build']
[0.101s] DEBUG:colcon:Parsed command line arguments: Namespace(log_base=None, log_level=None, verb_name='build', build_base='build', install_base='install', merge_install=False, symlink_install=False, test_result_base=None, continue_on_error=False, executor='parallel', parallel_workers=12, event_handlers=None, ignore_user_meta=False, metas=['./colcon.meta'], base_paths=['.'], packages_ignore=None, packages_ignore_regex=None, paths=None, packages_up_to=None, packages_up_to_regex=None, packages_above=None, packages_above_and_dependencies=None, packages_above_depth=None, packages_select_by_dep=None, packages_skip_by_dep=None, packages_skip_up_to=None, packages_select_build_failed=False, packages_skip_build_finished=False, packages_select_test_failures=False, packages_skip_test_passed=False, packages_select=None, packages_skip=None, packages_select_regex=None, packages_skip_regex=None, packages_start=None, packages_end=None, allow_overriding=[], cmake_args=None, cmake_target=None, cmake_target_skip_unavailable=False, cmake_clean_cache=False, cmake_clean_first=False, cmake_force_configure=False, ament_cmake_args=None, catkin_cmake_args=None, catkin_skip_building_tests=False, verb_parser=<colcon_defaults.argument_parser.defaults.DefaultArgumentsDecorator object at 0x7ff04af23250>, verb_extension=<colcon_core.verb.build.BuildVerb object at 0x7ff04b0cc7f0>, main=<bound method BuildVerb.main of <colcon_core.verb.build.BuildVerb object at 0x7ff04b0cc7f0>>)
[0.268s] Level 1:colcon.colcon_core.package_discovery:discover_packages(colcon_meta) check parameters
[0.268s] Level 1:colcon.colcon_core.package_discovery:discover_packages(recursive) check parameters
[0.268s] Level 1:colcon.colcon_core.package_discovery:discover_packages(ignore) check parameters
[0.268s] Level 1:colcon.colcon_core.package_discovery:discover_packages(path) check parameters
[0.268s] Level 1:colcon.colcon_core.package_discovery:discover_packages(colcon_meta) discover
[0.268s] Level 1:colcon.colcon_core.package_discovery:discover_packages(recursive) discover
[0.268s] INFO:colcon.colcon_core.package_discovery:Crawling recursively for packages in '/home/user/vacuum_robot_ws'
[0.268s] Level 1:colcon.colcon_core.package_identification:_identify(.) by extensions ['ignore', 'ignore_ament_install']
[0.268s] Level 1:colcon.colcon_core.package_identification:_identify(.) by extension 'ignore'
[0.268s] Level 1:colcon.colcon_core.package_identification:_identify(.) by extension 'ignore_ament_install'
[0.268s] Level 1:colcon.colcon_core.package_identification:_identify(.) by extensions ['colcon_pkg']
[0.268s] Level 1:colcon.colcon_core.package_identification:_identify(.) by extension 'colcon_pkg'
[0.268s] Level 1:colcon.colcon_core.package_identification:_identify(.) by extensions ['colcon_meta']
[0.268s] Level 1:colcon.colcon_core.package_identification:_identify(.) by extension 'colcon_meta'
[0.268s] Level 1:colcon.colcon_core.package_identification:_identify(.) by extensions ['ros']
[0.268s] Level 1:colcon.colcon_core.package_identification:_identify(.) by extension 'ros'
[0.280s] Level 1:colcon.colcon_core.package_identification:_identify(.) by extensions ['cmake', 'python']
[0.280s] Level 1:colcon.colcon_core.package_identification:_identify(.) by extension 'cmake'
[0.280s] Level 1:colcon.colcon_core.package_identification:_identify(.) by extension 'python'
[0.280s] Level 1:colcon.colcon_core.package_identification:_identify(.) by extensions ['python_setup_py']
[0.280s] Level 1:colcon.colcon_core.package_identification:_identify(.) by extension 'python_setup_py'
[0.280s] Level 1:colcon.colcon_core.package_identification:_identify(build) by extensions ['ignore', 'ignore_ament_install']
[0.280s] Level 1:colcon.colcon_core.package_identification:_identify(build) by extension 'ignore'
[0.280s] Level 1:colcon.colcon_core.package_identification:_identify(build) ignored
[0.280s] Level 1:colcon.colcon_core.package_identification:_identify(install) by extensions ['ignore', 'ignore_ament_install']
[0.280s] Level 1:colcon.colcon_core.package_identification:_identify(install) by extension 'ignore'
[0.280s] Level 1:colcon.colcon_core.package_identification:_identify(install) ignored
[0.280s] Level 1:colcon.colcon_core.package_identification:_identify(log) by extensions ['ignore', 'ignore_ament_install']
[0.280s] Level 1:colcon.colcon_core.package_identification:_identify(log) by extension 'ignore'
[0.280s] Level 1:colcon.colcon_core.package_identification:_identify(log) ignored
[0.281s] Level 1:colcon.colcon_core.package_identification:_identify(src) by extensions ['ignore', 'ignore_ament_install']
[0.281s] Level 1:colcon.colcon_core.package_identification:_identify(src) by extension 'ignore'
[0.281s] Level 1:colcon.colcon_core.package_identification:_identify(src) by extension 'ignore_ament_install'
[0.281s] Level 1:colcon.colcon_core.package_identification:_identify(src) by extensions ['colcon_pkg']
[0.281s] Level 1:colcon.colcon_core.package_identification:_identify(src) by extension 'colcon_pkg'
[0.281s] Level 1:colcon.colcon_core.package_identification:_identify(src) by extensions ['colcon_meta']
[0.281s] Level 1:colcon.colcon_core.package_identification:_identify(src) by extension 'colcon_meta'
[0.281s] Level 1:colcon.colcon_core.package_identification:_identify(src) by extensions ['ros']
[0.281s] Level 1:colcon.colcon_core.package_identification:_identify(src) by extension 'ros'
[0.281s] Level 1:colcon.colcon_core.package_identification:_identify(src) by extensions ['cmake', 'python']
[0.281s] Level 1:colcon.colcon_core.package_identification:_identify(src) by extension 'cmake'
[0.281s] Level 1:colcon.colcon_core.package_identification:_identify(src) by extension 'python'
[0.281s] Level 1:colcon.colcon_core.package_identification:_identify(src) by extensions ['python_setup_py']
[0.281s] Level 1:colcon.colcon_core.package_identification:_identify(src) by extension 'python_setup_py'
[0.281s] Level 1:colcon.colcon_core.package_identification:_identify(src/robot_description) by extensions ['ignore', 'ignore_ament_install']
[0.282s] Level 1:colcon.colcon_core.package_identification:_identify(src/robot_description) by extension 'ignore'
[0.282s] Level 1:colcon.colcon_core.package_identification:_identify(src/robot_description) by extension 'ignore_ament_install'
[0.282s] Level 1:colcon.colcon_core.package_identification:_identify(src/robot_description) by extensions ['colcon_pkg']
[0.282s] Level 1:colcon.colcon_core.package_identification:_identify(src/robot_description) by extension 'colcon_pkg'
[0.282s] Level 1:colcon.colcon_core.package_identification:_identify(src/robot_description) by extensions ['colcon_meta']
[0.282s] Level 1:colcon.colcon_core.package_identification:_identify(src/robot_description) by extension 'colcon_meta'
[0.282s] Level 1:colcon.colcon_core.package_identification:_identify(src/robot_description) by extensions ['ros']
[0.282s] Level 1:colcon.colcon_core.package_identification:_identify(src/robot_description) by extension 'ros'
[0.284s] DEBUG:colcon.colcon_core.package_identification:Package 'src/robot_description' with type 'ros.ament_cmake' and name 'robot_description'
[0.284s] Level 1:colcon.colcon_core.package_identification:_identify(src/ros_arduino_bridge[ARDUINO]) by extensions ['ignore', 'ignore_ament_install']
[0.284s] Level 1:colcon.colcon_core.package_identification:_identify(src/ros_arduino_bridge[ARDUINO]) by extension 'ignore'
[0.284s] Level 1:colcon.colcon_core.package_identification:_identify(src/ros_arduino_bridge[ARDUINO]) by extension 'ignore_ament_install'
[0.284s] Level 1:colcon.colcon_core.package_identification:_identify(src/ros_arduino_bridge[ARDUINO]) by extensions ['colcon_pkg']
[0.284s] Level 1:colcon.colcon_core.package_identification:_identify(src/ros_arduino_bridge[ARDUINO]) by extension 'colcon_pkg'
[0.284s] Level 1:colcon.colcon_core.package_identification:_identify(src/ros_arduino_bridge[ARDUINO]) by extensions ['colcon_meta']
[0.284s] Level 1:colcon.colcon_core.package_identification:_identify(src/ros_arduino_bridge[ARDUINO]) by extension 'colcon_meta'
[0.284s] Level 1:colcon.colcon_core.package_identification:_identify(src/ros_arduino_bridge[ARDUINO]) by extensions ['ros']
[0.284s] Level 1:colcon.colcon_core.package_identification:_identify(src/ros_arduino_bridge[ARDUINO]) by extension 'ros'
[0.285s] Level 1:colcon.colcon_core.package_identification:_identify(src/ros_arduino_bridge[ARDUINO]) by extensions ['cmake', 'python']
[0.285s] Level 1:colcon.colcon_core.package_identification:_identify(src/ros_arduino_bridge[ARDUINO]) by extension 'cmake'
[0.285s] Level 1:colcon.colcon_core.package_identification:_identify(src/ros_arduino_bridge[ARDUINO]) by extension 'python'
[0.285s] Level 1:colcon.colcon_core.package_identification:_identify(src/ros_arduino_bridge[ARDUINO]) by extensions ['python_setup_py']
[0.285s] Level 1:colcon.colcon_core.package_identification:_identify(src/ros_arduino_bridge[ARDUINO]) by extension 'python_setup_py'
[0.285s] Level 1:colcon.colcon_core.package_identification:_identify(src/ros_arduino_bridge[ARDUINO]/ROSArduinoBridge) by extensions ['ignore', 'ignore_ament_install']
[0.285s] Level 1:colcon.colcon_core.package_identification:_identify(src/ros_arduino_bridge[ARDUINO]/ROSArduinoBridge) by extension 'ignore'
[0.285s] Level 1:colcon.colcon_core.package_identification:_identify(src/ros_arduino_bridge[ARDUINO]/ROSArduinoBridge) by extension 'ignore_ament_install'
[0.285s] Level 1:colcon.colcon_core.package_identification:_identify(src/ros_arduino_bridge[ARDUINO]/ROSArduinoBridge) by extensions ['colcon_pkg']
[0.285s] Level 1:colcon.colcon_core.package_identification:_identify(src/ros_arduino_bridge[ARDUINO]/ROSArduinoBridge) by extension 'colcon_pkg'
[0.285s] Level 1:colcon.colcon_core.package_identification:_identify(src/ros_arduino_bridge[ARDUINO]/ROSArduinoBridge) by extensions ['colcon_meta']
[0.285s] Level 1:colcon.colcon_core.package_identification:_identify(src/ros_arduino_bridge[ARDUINO]/ROSArduinoBridge) by extension 'colcon_meta'
[0.285s] Level 1:colcon.colcon_core.package_identification:_identify(src/ros_arduino_bridge[ARDUINO]/ROSArduinoBridge) by extensions ['ros']
[0.285s] Level 1:colcon.colcon_core.package_identification:_identify(src/ros_arduino_bridge[ARDUINO]/ROSArduinoBridge) by extension 'ros'
[0.285s] Level 1:colcon.colcon_core.package_identification:_identify(src/ros_arduino_bridge[ARDUINO]/ROSArduinoBridge) by extensions ['cmake', 'python']
[0.285s] Level 1:colcon.colcon_core.package_identification:_identify(src/ros_arduino_bridge[ARDUINO]/ROSArduinoBridge) by extension 'cmake'
[0.285s] Level 1:colcon.colcon_core.package_identification:_identify(src/ros_arduino_bridge[ARDUINO]/ROSArduinoBridge) by extension 'python'
[0.285s] Level 1:colcon.colcon_core.package_identification:_identify(src/ros_arduino_bridge[ARDUINO]/ROSArduinoBridge) by extensions ['python_setup_py']
[0.285s] Level 1:colcon.colcon_core.package_identification:_identify(src/ros_arduino_bridge[ARDUINO]/ROSArduinoBridge) by extension 'python_setup_py'
[0.285s] Level 1:colcon.colcon_core.package_identification:_identify(src/serial_motor_control) by extensions ['ignore', 'ignore_ament_install']
[0.285s] Level 1:colcon.colcon_core.package_identification:_identify(src/serial_motor_control) by extension 'ignore'
[0.285s] Level 1:colcon.colcon_core.package_identification:_identify(src/serial_motor_control) by extension 'ignore_ament_install'
[0.285s] Level 1:colcon.colcon_core.package_identification:_identify(src/serial_motor_control) by extensions ['colcon_pkg']
[0.285s] Level 1:colcon.colcon_core.package_identification:_identify(src/serial_motor_control) by extension 'colcon_pkg'
[0.286s] Level 1:colcon.colcon_core.package_identification:_identify(src/serial_motor_control) by extensions ['colcon_meta']
[0.286s] Level 1:colcon.colcon_core.package_identification:_identify(src/serial_motor_control) by extension 'colcon_meta'
[0.286s] Level 1:colcon.colcon_core.package_identification:_identify(src/serial_motor_control) by extensions ['ros']
[0.286s] Level 1:colcon.colcon_core.package_identification:_identify(src/serial_motor_control) by extension 'ros'
[0.286s] Level 1:colcon.colcon_core.package_identification:_identify(src/serial_motor_control) by extensions ['cmake', 'python']
[0.286s] Level 1:colcon.colcon_core.package_identification:_identify(src/serial_motor_control) by extension 'cmake'
[0.286s] Level 1:colcon.colcon_core.package_identification:_identify(src/serial_motor_control) by extension 'python'
[0.286s] Level 1:colcon.colcon_core.package_identification:_identify(src/serial_motor_control) by extensions ['python_setup_py']
[0.286s] Level 1:colcon.colcon_core.package_identification:_identify(src/serial_motor_control) by extension 'python_setup_py'
[0.286s] Level 1:colcon.colcon_core.package_identification:_identify(src/serial_motor_control/serial_motor_control) by extensions ['ignore', 'ignore_ament_install']
[0.286s] Level 1:colcon.colcon_core.package_identification:_identify(src/serial_motor_control/serial_motor_control) by extension 'ignore'
[0.286s] Level 1:colcon.colcon_core.package_identification:_identify(src/serial_motor_control/serial_motor_control) by extension 'ignore_ament_install'
[0.286s] Level 1:colcon.colcon_core.package_identification:_identify(src/serial_motor_control/serial_motor_control) by extensions ['colcon_pkg']
[0.286s] Level 1:colcon.colcon_core.package_identification:_identify(src/serial_motor_control/serial_motor_control) by extension 'colcon_pkg'
[0.286s] Level 1:colcon.colcon_core.package_identification:_identify(src/serial_motor_control/serial_motor_control) by extensions ['colcon_meta']
[0.286s] Level 1:colcon.colcon_core.package_identification:_identify(src/serial_motor_control/serial_motor_control) by extension 'colcon_meta'
[0.286s] Level 1:colcon.colcon_core.package_identification:_identify(src/serial_motor_control/serial_motor_control) by extensions ['ros']
[0.286s] Level 1:colcon.colcon_core.package_identification:_identify(src/serial_motor_control/serial_motor_control) by extension 'ros'
[0.287s] DEBUG:colcon.colcon_core.package_identification:Package 'src/serial_motor_control/serial_motor_control' with type 'ros.ament_python' and name 'serial_motor_control'
[0.287s] Level 1:colcon.colcon_core.package_identification:_identify(src/serial_motor_control/serial_motor_msgs) by extensions ['ignore', 'ignore_ament_install']
[0.287s] Level 1:colcon.colcon_core.package_identification:_identify(src/serial_motor_control/serial_motor_msgs) by extension 'ignore'
[0.287s] Level 1:colcon.colcon_core.package_identification:_identify(src/serial_motor_control/serial_motor_msgs) by extension 'ignore_ament_install'
[0.287s] Level 1:colcon.colcon_core.package_identification:_identify(src/serial_motor_control/serial_motor_msgs) by extensions ['colcon_pkg']
[0.287s] Level 1:colcon.colcon_core.package_identification:_identify(src/serial_motor_control/serial_motor_msgs) by extension 'colcon_pkg'
[0.287s] Level 1:colcon.colcon_core.package_identification:_identify(src/serial_motor_control/serial_motor_msgs) by extensions ['colcon_meta']
[0.287s] Level 1:colcon.colcon_core.package_identification:_identify(src/serial_motor_control/serial_motor_msgs) by extension 'colcon_meta'
[0.287s] Level 1:colcon.colcon_core.package_identification:_identify(src/serial_motor_control/serial_motor_msgs) by extensions ['ros']
[0.287s] Level 1:colcon.colcon_core.package_identification:_identify(src/serial_motor_control/serial_motor_msgs) by extension 'ros'
[0.288s] DEBUG:colcon.colcon_core.package_identification:Package 'src/serial_motor_control/serial_motor_msgs' with type 'ros.ament_cmake' and name 'serial_motor_msgs'
[0.288s] Level 1:colcon.colcon_core.package_discovery:discover_packages(recursive) using defaults
[0.288s] Level 1:colcon.colcon_core.package_discovery:discover_packages(ignore) discover
[0.288s] Level 1:colcon.colcon_core.package_discovery:discover_packages(ignore) using defaults
[0.288s] Level 1:colcon.colcon_core.package_discovery:discover_packages(path) discover
[0.288s] Level 1:colcon.colcon_core.package_discovery:discover_packages(path) using defaults
[0.307s] Level 1:colcon.colcon_core.package_discovery:discover_packages(prefix_path) check parameters
[0.307s] Level 1:colcon.colcon_core.package_discovery:discover_packages(prefix_path) discover
[0.311s] DEBUG:colcon.colcon_installed_package_information.package_discovery:Found 274 installed packages in /opt/ros/humble
[0.313s] Level 1:colcon.colcon_core.package_discovery:discover_packages(prefix_path) using defaults
[0.362s] Level 5:colcon.colcon_core.verb:set package 'robot_description' build argument 'cmake_args' from command line to 'None'
[0.362s] Level 5:colcon.colcon_core.verb:set package 'robot_description' build argument 'cmake_target' from command line to 'None'
[0.363s] Level 5:colcon.colcon_core.verb:set package 'robot_description' build argument 'cmake_target_skip_unavailable' from command line to 'False'
[0.363s] Level 5:colcon.colcon_core.verb:set package 'robot_description' build argument 'cmake_clean_cache' from command line to 'False'
[0.363s] Level 5:colcon.colcon_core.verb:set package 'robot_description' build argument 'cmake_clean_first' from command line to 'False'
[0.363s] Level 5:colcon.colcon_core.verb:set package 'robot_description' build argument 'cmake_force_configure' from command line to 'False'
[0.363s] Level 5:colcon.colcon_core.verb:set package 'robot_description' build argument 'ament_cmake_args' from command line to 'None'
[0.363s] Level 5:colcon.colcon_core.verb:set package 'robot_description' build argument 'catkin_cmake_args' from command line to 'None'
[0.363s] Level 5:colcon.colcon_core.verb:set package 'robot_description' build argument 'catkin_skip_building_tests' from command line to 'False'
[0.363s] DEBUG:colcon.colcon_core.verb:Building package 'robot_description' with the following arguments: {'ament_cmake_args': None, 'build_base': '/home/user/vacuum_robot_ws/build/robot_description', 'catkin_cmake_args': None, 'catkin_skip_building_tests': False, 'cmake_args': None, 'cmake_clean_cache': False, 'cmake_clean_first': False, 'cmake_force_configure': False, 'cmake_target': None, 'cmake_target_skip_unavailable': False, 'install_base': '/home/user/vacuum_robot_ws/install/robot_description', 'merge_install': False, 'path': '/home/user/vacuum_robot_ws/src/robot_description', 'symlink_install': False, 'test_result_base': None}
[0.363s] Level 5:colcon.colcon_core.verb:set package 'serial_motor_msgs' build argument 'cmake_args' from command line to 'None'
[0.363s] Level 5:colcon.colcon_core.verb:set package 'serial_motor_msgs' build argument 'cmake_target' from command line to 'None'
[0.363s] Level 5:colcon.colcon_core.verb:set package 'serial_motor_msgs' build argument 'cmake_target_skip_unavailable' from command line to 'False'
[0.363s] Level 5:colcon.colcon_core.verb:set package 'serial_motor_msgs' build argument 'cmake_clean_cache' from command line to 'False'
[0.363s] Level 5:colcon.colcon_core.verb:set package 'serial_motor_msgs' build argument 'cmake_clean_first' from command line to 'False'
[0.363s] Level 5:colcon.colcon_core.verb:set package 'serial_motor_msgs' build argument 'cmake_force_configure' from command line to 'False'
[0.363s] Level 5:colcon.colcon_core.verb:set package 'serial_motor_msgs' build argument 'ament_cmake_args' from command line to 'None'
[0.363s] Level 5:colcon.colcon_core.verb:set package 'serial_motor_msgs' build argument 'catkin_cmake_args' from command line to 'None'
[0.363s] Level 5:colcon.colcon_core.verb:set package 'serial_motor_msgs' build argument 'catkin_skip_building_tests' from command line to 'False'
[0.363s] DEBUG:colcon.colcon_core.verb:Building package 'serial_motor_msgs' with the following arguments: {'ament_cmake_args': None, 'build_base': '/home/user/vacuum_robot_ws/build/serial_motor_msgs', 'catkin_cmake_args': None, 'catkin_skip_building_tests': False, 'cmake_args': None, 'cmake_clean_cache': False, 'cmake_clean_first': False, 'cmake_force_configure': False, 'cmake_target': None, 'cmake_target_skip_unavailable': False, 'install_base': '/home/user/vacuum_robot_ws/install/serial_motor_msgs', 'merge_install': False, 'path': '/home/user/vacuum_robot_ws/src/serial_motor_control/serial_motor_msgs', 'symlink_install': False, 'test_result_base': None}
[0.364s] Level 5:colcon.colcon_core.verb:set package 'serial_motor_control' build argument 'cmake_args' from command line to 'None'
[0.364s] Level 5:colcon.colcon_core.verb:set package 'serial_motor_control' build argument 'cmake_target' from command line to 'None'
[0.364s] Level 5:colcon.colcon_core.verb:set package 'serial_motor_control' build argument 'cmake_target_skip_unavailable' from command line to 'False'
[0.364s] Level 5:colcon.colcon_core.verb:set package 'serial_motor_control' build argument 'cmake_clean_cache' from command line to 'False'
[0.364s] Level 5:colcon.colcon_core.verb:set package 'serial_motor_control' build argument 'cmake_clean_first' from command line to 'False'
[0.364s] Level 5:colcon.colcon_core.verb:set package 'serial_motor_control' build argument 'cmake_force_configure' from command line to 'False'
[0.364s] Level 5:colcon.colcon_core.verb:set package 'serial_motor_control' build argument 'ament_cmake_args' from command line to 'None'
[0.364s] Level 5:colcon.colcon_core.verb:set package 'serial_motor_control' build argument 'catkin_cmake_args' from command line to 'None'
[0.364s] Level 5:colcon.colcon_core.verb:set package 'serial_motor_control' build argument 'catkin_skip_building_tests' from command line to 'False'
[0.364s] DEBUG:colcon.colcon_core.verb:Building package 'serial_motor_control' with the following arguments: {'ament_cmake_args': None, 'build_base': '/home/user/vacuum_robot_ws/build/serial_motor_control', 'catkin_cmake_args': None, 'catkin_skip_building_tests': False, 'cmake_args': None, 'cmake_clean_cache': False, 'cmake_clean_first': False, 'cmake_force_configure': False, 'cmake_target': None, 'cmake_target_skip_unavailable': False, 'install_base': '/home/user/vacuum_robot_ws/install/serial_motor_control', 'merge_install': False, 'path': '/home/user/vacuum_robot_ws/src/serial_motor_control/serial_motor_control', 'symlink_install': False, 'test_result_base': None}
[0.364s] INFO:colcon.colcon_core.executor:Executing jobs using 'parallel' executor
[0.366s] DEBUG:colcon.colcon_parallel_executor.executor.parallel:run_until_complete
[0.366s] INFO:colcon.colcon_ros.task.ament_cmake.build:Building ROS package in '/home/user/vacuum_robot_ws/src/serial_motor_control/serial_motor_msgs' with build type 'ament_cmake'
[0.366s] INFO:colcon.colcon_cmake.task.cmake.build:Building CMake package in '/home/user/vacuum_robot_ws/src/serial_motor_control/serial_motor_msgs'
[0.368s] INFO:colcon.colcon_core.plugin_system:Skipping extension 'colcon_core.shell.bat': Not used on non-Windows systems
[0.368s] INFO:colcon.colcon_core.shell:Skip shell extension 'powershell' for command environment: Not usable outside of PowerShell
[0.368s] DEBUG:colcon.colcon_core.shell:Skip shell extension 'dsv' for command environment
[0.371s] INFO:colcon.colcon_ros.task.ament_cmake.build:Building ROS package in '/home/user/vacuum_robot_ws/src/robot_description' with build type 'ament_cmake'
[0.371s] INFO:colcon.colcon_cmake.task.cmake.build:Building CMake package in '/home/user/vacuum_robot_ws/src/robot_description'
[0.371s] INFO:colcon.colcon_core.shell:Skip shell extension 'powershell' for command environment: Not usable outside of PowerShell
[0.371s] DEBUG:colcon.colcon_core.shell:Skip shell extension 'dsv' for command environment
[0.378s] DEBUG:colcon.colcon_core.event_handler.log_command:Invoking command in '/home/user/vacuum_robot_ws/build/serial_motor_msgs': CMAKE_PREFIX_PATH=/opt/ros/humble /usr/bin/cmake /home/user/vacuum_robot_ws/src/serial_motor_control/serial_motor_msgs -DCMAKE_INSTALL_PREFIX=/home/user/vacuum_robot_ws/install/serial_motor_msgs
[0.381s] DEBUG:colcon.colcon_core.event_handler.log_command:Invoking command in '/home/user/vacuum_robot_ws/build/robot_description': CMAKE_PREFIX_PATH=/opt/ros/humble /usr/bin/cmake /home/user/vacuum_robot_ws/src/robot_description -DCMAKE_INSTALL_PREFIX=/home/user/vacuum_robot_ws/install/robot_description
[0.993s] DEBUG:colcon.colcon_core.event_handler.log_command:Invoked command in '/home/user/vacuum_robot_ws/build/robot_description' returned '0': CMAKE_PREFIX_PATH=/opt/ros/humble /usr/bin/cmake /home/user/vacuum_robot_ws/src/robot_description -DCMAKE_INSTALL_PREFIX=/home/user/vacuum_robot_ws/install/robot_description
[0.994s] DEBUG:colcon.colcon_core.event_handler.log_command:Invoking command in '/home/user/vacuum_robot_ws/build/robot_description': CMAKE_PREFIX_PATH=/opt/ros/humble /usr/bin/cmake --build /home/user/vacuum_robot_ws/build/robot_description -- -j12 -l12
[1.029s] DEBUG:colcon.colcon_core.event_handler.log_command:Invoked command in '/home/user/vacuum_robot_ws/build/robot_description' returned '0': CMAKE_PREFIX_PATH=/opt/ros/humble /usr/bin/cmake --build /home/user/vacuum_robot_ws/build/robot_description -- -j12 -l12
[1.038s] DEBUG:colcon.colcon_core.event_handler.log_command:Invoking command in '/home/user/vacuum_robot_ws/build/robot_description': CMAKE_PREFIX_PATH=/opt/ros/humble /usr/bin/cmake --install /home/user/vacuum_robot_ws/build/robot_description
[1.049s] Level 1:colcon.colcon_core.environment:create_environment_scripts_only(robot_description)
[1.050s] DEBUG:colcon.colcon_core.event_handler.log_command:Invoked command in '/home/user/vacuum_robot_ws/build/robot_description' returned '0': CMAKE_PREFIX_PATH=/opt/ros/humble /usr/bin/cmake --install /home/user/vacuum_robot_ws/build/robot_description
[1.052s] Level 1:colcon.colcon_core.environment:checking '/home/user/vacuum_robot_ws/install/robot_description' for CMake module files
[1.052s] Level 1:colcon.colcon_core.environment:checking '/home/user/vacuum_robot_ws/install/robot_description' for CMake config files
[1.052s] Level 1:colcon.colcon_core.shell:create_environment_hook('robot_description', 'cmake_prefix_path')
[1.053s] INFO:colcon.colcon_core.shell:Creating environment hook '/home/user/vacuum_robot_ws/install/robot_description/share/robot_description/hook/cmake_prefix_path.ps1'
[1.053s] INFO:colcon.colcon_core.shell:Creating environment descriptor '/home/user/vacuum_robot_ws/install/robot_description/share/robot_description/hook/cmake_prefix_path.dsv'
[1.054s] INFO:colcon.colcon_core.shell:Creating environment hook '/home/user/vacuum_robot_ws/install/robot_description/share/robot_description/hook/cmake_prefix_path.sh'
[1.054s] Level 1:colcon.colcon_core.environment:checking '/home/user/vacuum_robot_ws/install/robot_description/bin'
[1.055s] Level 1:colcon.colcon_core.environment:checking '/home/user/vacuum_robot_ws/install/robot_description/lib/pkgconfig/robot_description.pc'
[1.055s] Level 1:colcon.colcon_core.environment:checking '/home/user/vacuum_robot_ws/install/robot_description/lib/python3.10/site-packages'
[1.055s] Level 1:colcon.colcon_core.environment:checking '/home/user/vacuum_robot_ws/install/robot_description/bin'
[1.055s] INFO:colcon.colcon_core.shell:Creating package script '/home/user/vacuum_robot_ws/install/robot_description/share/robot_description/package.ps1'
[1.056s] INFO:colcon.colcon_core.shell:Creating package descriptor '/home/user/vacuum_robot_ws/install/robot_description/share/robot_description/package.dsv'
[1.057s] INFO:colcon.colcon_core.shell:Creating package script '/home/user/vacuum_robot_ws/install/robot_description/share/robot_description/package.sh'
[1.057s] INFO:colcon.colcon_core.shell:Creating package script '/home/user/vacuum_robot_ws/install/robot_description/share/robot_description/package.bash'
[1.058s] INFO:colcon.colcon_core.shell:Creating package script '/home/user/vacuum_robot_ws/install/robot_description/share/robot_description/package.zsh'
[1.059s] Level 1:colcon.colcon_core.environment:create_file_with_runtime_dependencies(/home/user/vacuum_robot_ws/install/robot_description/share/colcon-core/packages/robot_description)
[1.059s] Level 1:colcon.colcon_core.environment:create_environment_scripts_only(robot_description)
[1.059s] Level 1:colcon.colcon_core.environment:checking '/home/user/vacuum_robot_ws/install/robot_description' for CMake module files
[1.060s] Level 1:colcon.colcon_core.environment:checking '/home/user/vacuum_robot_ws/install/robot_description' for CMake config files
[1.060s] Level 1:colcon.colcon_core.shell:create_environment_hook('robot_description', 'cmake_prefix_path')
[1.061s] INFO:colcon.colcon_core.shell:Creating environment hook '/home/user/vacuum_robot_ws/install/robot_description/share/robot_description/hook/cmake_prefix_path.ps1'
[1.061s] INFO:colcon.colcon_core.shell:Creating environment descriptor '/home/user/vacuum_robot_ws/install/robot_description/share/robot_description/hook/cmake_prefix_path.dsv'
[1.061s] INFO:colcon.colcon_core.shell:Creating environment hook '/home/user/vacuum_robot_ws/install/robot_description/share/robot_description/hook/cmake_prefix_path.sh'
[1.062s] Level 1:colcon.colcon_core.environment:checking '/home/user/vacuum_robot_ws/install/robot_description/bin'
[1.062s] Level 1:colcon.colcon_core.environment:checking '/home/user/vacuum_robot_ws/install/robot_description/lib/pkgconfig/robot_description.pc'
[1.062s] Level 1:colcon.colcon_core.environment:checking '/home/user/vacuum_robot_ws/install/robot_description/lib/python3.10/site-packages'
[1.062s] Level 1:colcon.colcon_core.environment:checking '/home/user/vacuum_robot_ws/install/robot_description/bin'
[1.063s] INFO:colcon.colcon_core.shell:Creating package script '/home/user/vacuum_robot_ws/install/robot_description/share/robot_description/package.ps1'
[1.063s] INFO:colcon.colcon_core.shell:Creating package descriptor '/home/user/vacuum_robot_ws/install/robot_description/share/robot_description/package.dsv'
[1.063s] INFO:colcon.colcon_core.shell:Creating package script '/home/user/vacuum_robot_ws/install/robot_description/share/robot_description/package.sh'
[1.064s] INFO:colcon.colcon_core.shell:Creating package script '/home/user/vacuum_robot_ws/install/robot_description/share/robot_description/package.bash'
[1.065s] INFO:colcon.colcon_core.shell:Creating package script '/home/user/vacuum_robot_ws/install/robot_description/share/robot_description/package.zsh'
[1.065s] Level 1:colcon.colcon_core.environment:create_file_with_runtime_dependencies(/home/user/vacuum_robot_ws/install/robot_description/share/colcon-core/packages/robot_description)
[1.811s] DEBUG:colcon.colcon_core.event_handler.log_command:Invoked command in '/home/user/vacuum_robot_ws/build/serial_motor_msgs' returned '0': CMAKE_PREFIX_PATH=/opt/ros/humble /usr/bin/cmake /home/user/vacuum_robot_ws/src/serial_motor_control/serial_motor_msgs -DCMAKE_INSTALL_PREFIX=/home/user/vacuum_robot_ws/install/serial_motor_msgs
[1.812s] DEBUG:colcon.colcon_core.event_handler.log_command:Invoking command in '/home/user/vacuum_robot_ws/build/serial_motor_msgs': CMAKE_PREFIX_PATH=/opt/ros/humble /usr/bin/cmake --build /home/user/vacuum_robot_ws/build/serial_motor_msgs -- -j12 -l12
[4.454s] DEBUG:colcon.colcon_core.event_handler.log_command:Invoked command in '/home/user/vacuum_robot_ws/build/serial_motor_msgs' returned '0': CMAKE_PREFIX_PATH=/opt/ros/humble /usr/bin/cmake --build /home/user/vacuum_robot_ws/build/serial_motor_msgs -- -j12 -l12
[4.456s] DEBUG:colcon.colcon_core.event_handler.log_command:Invoking command in '/home/user/vacuum_robot_ws/build/serial_motor_msgs': CMAKE_PREFIX_PATH=/opt/ros/humble /usr/bin/cmake --install /home/user/vacuum_robot_ws/build/serial_motor_msgs
[4.529s] Level 1:colcon.colcon_core.environment:create_environment_scripts_only(serial_motor_msgs)
[4.529s] Level 1:colcon.colcon_core.environment:checking '/home/user/vacuum_robot_ws/install/serial_motor_msgs' for CMake module files
[4.530s] DEBUG:colcon.colcon_core.event_handler.log_command:Invoked command in '/home/user/vacuum_robot_ws/build/serial_motor_msgs' returned '0': CMAKE_PREFIX_PATH=/opt/ros/humble /usr/bin/cmake --install /home/user/vacuum_robot_ws/build/serial_motor_msgs
[4.530s] Level 1:colcon.colcon_core.environment:checking '/home/user/vacuum_robot_ws/install/serial_motor_msgs' for CMake config files
[4.531s] Level 1:colcon.colcon_core.shell:create_environment_hook('serial_motor_msgs', 'cmake_prefix_path')
[4.531s] INFO:colcon.colcon_core.shell:Creating environment hook '/home/user/vacuum_robot_ws/install/serial_motor_msgs/share/serial_motor_msgs/hook/cmake_prefix_path.ps1'
[4.531s] INFO:colcon.colcon_core.shell:Creating environment descriptor '/home/user/vacuum_robot_ws/install/serial_motor_msgs/share/serial_motor_msgs/hook/cmake_prefix_path.dsv'
[4.532s] INFO:colcon.colcon_core.shell:Creating environment hook '/home/user/vacuum_robot_ws/install/serial_motor_msgs/share/serial_motor_msgs/hook/cmake_prefix_path.sh'
[4.532s] Level 1:colcon.colcon_core.environment:checking '/home/user/vacuum_robot_ws/install/serial_motor_msgs/lib'
[4.532s] Level 1:colcon.colcon_core.shell:create_environment_hook('serial_motor_msgs', 'ld_library_path_lib')
[4.532s] INFO:colcon.colcon_core.shell:Creating environment hook '/home/user/vacuum_robot_ws/install/serial_motor_msgs/share/serial_motor_msgs/hook/ld_library_path_lib.ps1'
[4.533s] INFO:colcon.colcon_core.shell:Creating environment descriptor '/home/user/vacuum_robot_ws/install/serial_motor_msgs/share/serial_motor_msgs/hook/ld_library_path_lib.dsv'
[4.533s] INFO:colcon.colcon_core.shell:Creating environment hook '/home/user/vacuum_robot_ws/install/serial_motor_msgs/share/serial_motor_msgs/hook/ld_library_path_lib.sh'
[4.533s] Level 1:colcon.colcon_core.environment:checking '/home/user/vacuum_robot_ws/install/serial_motor_msgs/bin'
[4.533s] Level 1:colcon.colcon_core.environment:checking '/home/user/vacuum_robot_ws/install/serial_motor_msgs/lib/pkgconfig/serial_motor_msgs.pc'
[4.534s] Level 1:colcon.colcon_core.environment:checking '/home/user/vacuum_robot_ws/install/serial_motor_msgs/lib/python3.10/site-packages'
[4.534s] Level 1:colcon.colcon_core.environment:checking '/home/user/vacuum_robot_ws/install/serial_motor_msgs/bin'
[4.534s] INFO:colcon.colcon_core.shell:Creating package script '/home/user/vacuum_robot_ws/install/serial_motor_msgs/share/serial_motor_msgs/package.ps1'
[4.534s] INFO:colcon.colcon_core.shell:Creating package descriptor '/home/user/vacuum_robot_ws/install/serial_motor_msgs/share/serial_motor_msgs/package.dsv'
[4.535s] INFO:colcon.colcon_core.shell:Creating package script '/home/user/vacuum_robot_ws/install/serial_motor_msgs/share/serial_motor_msgs/package.sh'
[4.535s] INFO:colcon.colcon_core.shell:Creating package script '/home/user/vacuum_robot_ws/install/serial_motor_msgs/share/serial_motor_msgs/package.bash'
[4.535s] INFO:colcon.colcon_core.shell:Creating package script '/home/user/vacuum_robot_ws/install/serial_motor_msgs/share/serial_motor_msgs/package.zsh'
[4.536s] Level 1:colcon.colcon_core.environment:create_file_with_runtime_dependencies(/home/user/vacuum_robot_ws/install/serial_motor_msgs/share/colcon-core/packages/serial_motor_msgs)
[4.536s] Level 1:colcon.colcon_core.environment:create_environment_scripts_only(serial_motor_msgs)
[4.536s] Level 1:colcon.colcon_core.environment:checking '/home/user/vacuum_robot_ws/install/serial_motor_msgs' for CMake module files
[4.537s] Level 1:colcon.colcon_core.environment:checking '/home/user/vacuum_robot_ws/install/serial_motor_msgs' for CMake config files
[4.537s] Level 1:colcon.colcon_core.shell:create_environment_hook('serial_motor_msgs', 'cmake_prefix_path')
[4.537s] INFO:colcon.colcon_core.shell:Creating environment hook '/home/user/vacuum_robot_ws/install/serial_motor_msgs/share/serial_motor_msgs/hook/cmake_prefix_path.ps1'
[4.538s] INFO:colcon.colcon_core.shell:Creating environment descriptor '/home/user/vacuum_robot_ws/install/serial_motor_msgs/share/serial_motor_msgs/hook/cmake_prefix_path.dsv'
[4.538s] INFO:colcon.colcon_core.shell:Creating environment hook '/home/user/vacuum_robot_ws/install/serial_motor_msgs/share/serial_motor_msgs/hook/cmake_prefix_path.sh'
[4.539s] Level 1:colcon.colcon_core.environment:checking '/home/user/vacuum_robot_ws/install/serial_motor_msgs/lib'
[4.539s] Level 1:colcon.colcon_core.shell:create_environment_hook('serial_motor_msgs', 'ld_library_path_lib')
[4.539s] INFO:colcon.colcon_core.shell:Creating environment hook '/home/user/vacuum_robot_ws/install/serial_motor_msgs/share/serial_motor_msgs/hook/ld_library_path_lib.ps1'
[4.539s] INFO:colcon.colcon_core.shell:Creating environment descriptor '/home/user/vacuum_robot_ws/install/serial_motor_msgs/share/serial_motor_msgs/hook/ld_library_path_lib.dsv'
[4.539s] INFO:colcon.colcon_core.shell:Creating environment hook '/home/user/vacuum_robot_ws/install/serial_motor_msgs/share/serial_motor_msgs/hook/ld_library_path_lib.sh'
[4.540s] Level 1:colcon.colcon_core.environment:checking '/home/user/vacuum_robot_ws/install/serial_motor_msgs/bin'
[4.540s] Level 1:colcon.colcon_core.environment:checking '/home/user/vacuum_robot_ws/install/serial_motor_msgs/lib/pkgconfig/serial_motor_msgs.pc'
[4.540s] Level 1:colcon.colcon_core.environment:checking '/home/user/vacuum_robot_ws/install/serial_motor_msgs/lib/python3.10/site-packages'
[4.540s] Level 1:colcon.colcon_core.environment:checking '/home/user/vacuum_robot_ws/install/serial_motor_msgs/bin'
[4.541s] INFO:colcon.colcon_core.shell:Creating package script '/home/user/vacuum_robot_ws/install/serial_motor_msgs/share/serial_motor_msgs/package.ps1'
[4.541s] INFO:colcon.colcon_core.shell:Creating package descriptor '/home/user/vacuum_robot_ws/install/serial_motor_msgs/share/serial_motor_msgs/package.dsv'
[4.542s] INFO:colcon.colcon_core.shell:Creating package script '/home/user/vacuum_robot_ws/install/serial_motor_msgs/share/serial_motor_msgs/package.sh'
[4.542s] INFO:colcon.colcon_core.shell:Creating package script '/home/user/vacuum_robot_ws/install/serial_motor_msgs/share/serial_motor_msgs/package.bash'
[4.543s] INFO:colcon.colcon_core.shell:Creating package script '/home/user/vacuum_robot_ws/install/serial_motor_msgs/share/serial_motor_msgs/package.zsh'
[4.543s] Level 1:colcon.colcon_core.environment:create_file_with_runtime_dependencies(/home/user/vacuum_robot_ws/install/serial_motor_msgs/share/colcon-core/packages/serial_motor_msgs)
[4.544s] INFO:colcon.colcon_ros.task.ament_python.build:Building ROS package in '/home/user/vacuum_robot_ws/src/serial_motor_control/serial_motor_control' with build type 'ament_python'
[4.544s] Level 1:colcon.colcon_core.shell:create_environment_hook('serial_motor_control', 'ament_prefix_path')
[4.544s] INFO:colcon.colcon_core.shell:Creating environment hook '/home/user/vacuum_robot_ws/install/serial_motor_control/share/serial_motor_control/hook/ament_prefix_path.ps1'
[4.545s] INFO:colcon.colcon_core.shell:Creating environment descriptor '/home/user/vacuum_robot_ws/install/serial_motor_control/share/serial_motor_control/hook/ament_prefix_path.dsv'
[4.546s] INFO:colcon.colcon_core.shell:Creating environment hook '/home/user/vacuum_robot_ws/install/serial_motor_control/share/serial_motor_control/hook/ament_prefix_path.sh'
[4.546s] INFO:colcon.colcon_core.shell:Skip shell extension 'powershell' for command environment: Not usable outside of PowerShell
[4.546s] DEBUG:colcon.colcon_core.shell:Skip shell extension 'dsv' for command environment
[4.774s] INFO:colcon.colcon_core.task.python.build:Building Python package in '/home/user/vacuum_robot_ws/src/serial_motor_control/serial_motor_control'
[4.774s] INFO:colcon.colcon_core.shell:Skip shell extension 'powershell' for command environment: Not usable outside of PowerShell
[4.774s] DEBUG:colcon.colcon_core.shell:Skip shell extension 'dsv' for command environment
[5.049s] DEBUG:colcon.colcon_core.event_handler.log_command:Invoking command in '/home/user/vacuum_robot_ws/src/serial_motor_control/serial_motor_control': AMENT_PREFIX_PATH=/home/user/vacuum_robot_ws/install/serial_motor_msgs:${AMENT_PREFIX_PATH} CMAKE_PREFIX_PATH=/home/user/vacuum_robot_ws/install/serial_motor_msgs LD_LIBRARY_PATH=/home/user/vacuum_robot_ws/install/serial_motor_msgs/lib:${LD_LIBRARY_PATH} PYTHONPATH=/home/user/vacuum_robot_ws/build/serial_motor_control/prefix_override:/usr/lib/python3/dist-packages/colcon_core/task/python/colcon_distutils_commands:/home/user/vacuum_robot_ws/install/serial_motor_control/lib/python3.10/site-packages:/home/user/vacuum_robot_ws/install/serial_motor_msgs/local/lib/python3.10/dist-packages:${PYTHONPATH} /usr/bin/python3 -W ignore:setup.py install is deprecated -W ignore:easy_install command is deprecated setup.py egg_info --egg-base ../../../build/serial_motor_control build --build-base /home/user/vacuum_robot_ws/build/serial_motor_control/build install --record /home/user/vacuum_robot_ws/build/serial_motor_control/install.log --install-scripts $base/lib/serial_motor_control --single-version-externally-managed install_data
[5.299s] Level 1:colcon.colcon_core.environment:checking '/home/user/vacuum_robot_ws/install/serial_motor_control' for CMake module files
[5.299s] DEBUG:colcon.colcon_core.event_handler.log_command:Invoked command in '/home/user/vacuum_robot_ws/src/serial_motor_control/serial_motor_control' returned '0': AMENT_PREFIX_PATH=/home/user/vacuum_robot_ws/install/serial_motor_msgs:${AMENT_PREFIX_PATH} CMAKE_PREFIX_PATH=/home/user/vacuum_robot_ws/install/serial_motor_msgs LD_LIBRARY_PATH=/home/user/vacuum_robot_ws/install/serial_motor_msgs/lib:${LD_LIBRARY_PATH} PYTHONPATH=/home/user/vacuum_robot_ws/build/serial_motor_control/prefix_override:/usr/lib/python3/dist-packages/colcon_core/task/python/colcon_distutils_commands:/home/user/vacuum_robot_ws/install/serial_motor_control/lib/python3.10/site-packages:/home/user/vacuum_robot_ws/install/serial_motor_msgs/local/lib/python3.10/dist-packages:${PYTHONPATH} /usr/bin/python3 -W ignore:setup.py install is deprecated -W ignore:easy_install command is deprecated setup.py egg_info --egg-base ../../../build/serial_motor_control build --build-base /home/user/vacuum_robot_ws/build/serial_motor_control/build install --record /home/user/vacuum_robot_ws/build/serial_motor_control/install.log --install-scripts $base/lib/serial_motor_control --single-version-externally-managed install_data
[5.299s] Level 1:colcon.colcon_core.environment:checking '/home/user/vacuum_robot_ws/install/serial_motor_control' for CMake config files
[5.300s] Level 1:colcon.colcon_core.environment:checking '/home/user/vacuum_robot_ws/install/serial_motor_control/lib'
[5.300s] Level 1:colcon.colcon_core.environment:checking '/home/user/vacuum_robot_ws/install/serial_motor_control/bin'
[5.300s] Level 1:colcon.colcon_core.environment:checking '/home/user/vacuum_robot_ws/install/serial_motor_control/lib/pkgconfig/serial_motor_control.pc'
[5.300s] Level 1:colcon.colcon_core.environment:checking '/home/user/vacuum_robot_ws/install/serial_motor_control/lib/python3.10/site-packages'
[5.300s] Level 1:colcon.colcon_core.shell:create_environment_hook('serial_motor_control', 'pythonpath')
[5.300s] INFO:colcon.colcon_core.shell:Creating environment hook '/home/user/vacuum_robot_ws/install/serial_motor_control/share/serial_motor_control/hook/pythonpath.ps1'
[5.301s] INFO:colcon.colcon_core.shell:Creating environment descriptor '/home/user/vacuum_robot_ws/install/serial_motor_control/share/serial_motor_control/hook/pythonpath.dsv'
[5.301s] INFO:colcon.colcon_core.shell:Creating environment hook '/home/user/vacuum_robot_ws/install/serial_motor_control/share/serial_motor_control/hook/pythonpath.sh'
[5.301s] Level 1:colcon.colcon_core.environment:checking '/home/user/vacuum_robot_ws/install/serial_motor_control/bin'
[5.301s] Level 1:colcon.colcon_core.environment:create_environment_scripts_only(serial_motor_control)
[5.302s] INFO:colcon.colcon_core.shell:Creating package script '/home/user/vacuum_robot_ws/install/serial_motor_control/share/serial_motor_control/package.ps1'
[5.302s] INFO:colcon.colcon_core.shell:Creating package descriptor '/home/user/vacuum_robot_ws/install/serial_motor_control/share/serial_motor_control/package.dsv'
[5.302s] INFO:colcon.colcon_core.shell:Creating package script '/home/user/vacuum_robot_ws/install/serial_motor_control/share/serial_motor_control/package.sh'
[5.303s] INFO:colcon.colcon_core.shell:Creating package script '/home/user/vacuum_robot_ws/install/serial_motor_control/share/serial_motor_control/package.bash'
[5.303s] INFO:colcon.colcon_core.shell:Creating package script '/home/user/vacuum_robot_ws/install/serial_motor_control/share/serial_motor_control/package.zsh'
[5.304s] Level 1:colcon.colcon_core.environment:create_file_with_runtime_dependencies(/home/user/vacuum_robot_ws/install/serial_motor_control/share/colcon-core/packages/serial_motor_control)
[5.304s] DEBUG:colcon.colcon_parallel_executor.executor.parallel:closing loop
[5.304s] DEBUG:colcon.colcon_parallel_executor.executor.parallel:loop closed
[5.305s] DEBUG:colcon.colcon_parallel_executor.executor.parallel:run_until_complete finished with '0'
[5.305s] DEBUG:colcon.colcon_core.event_reactor:joining thread
[5.310s] INFO:colcon.colcon_core.plugin_system:Skipping extension 'colcon_notification.desktop_notification.terminal_notifier': Not used on non-Darwin systems
[5.310s] INFO:colcon.colcon_core.plugin_system:Skipping extension 'colcon_notification.desktop_notification.win32': Not used on non-Windows systems
[5.310s] INFO:colcon.colcon_notification.desktop_notification:Sending desktop notification using 'notify2'
[5.320s] DEBUG:colcon.colcon_core.event_reactor:joined thread
[5.321s] INFO:colcon.colcon_core.shell:Creating prefix script '/home/user/vacuum_robot_ws/install/local_setup.ps1'
[5.322s] INFO:colcon.colcon_core.shell:Creating prefix util module '/home/user/vacuum_robot_ws/install/_local_setup_util_ps1.py'
[5.323s] INFO:colcon.colcon_core.shell:Creating prefix chain script '/home/user/vacuum_robot_ws/install/setup.ps1'
[5.324s] INFO:colcon.colcon_core.shell:Creating prefix script '/home/user/vacuum_robot_ws/install/local_setup.sh'
[5.325s] INFO:colcon.colcon_core.shell:Creating prefix util module '/home/user/vacuum_robot_ws/install/_local_setup_util_sh.py'
[5.325s] INFO:colcon.colcon_core.shell:Creating prefix chain script '/home/user/vacuum_robot_ws/install/setup.sh'
[5.326s] INFO:colcon.colcon_core.shell:Creating prefix script '/home/user/vacuum_robot_ws/install/local_setup.bash'
[5.326s] INFO:colcon.colcon_core.shell:Creating prefix chain script '/home/user/vacuum_robot_ws/install/setup.bash'
[5.327s] INFO:colcon.colcon_core.shell:Creating prefix script '/home/user/vacuum_robot_ws/install/local_setup.zsh'
[5.328s] INFO:colcon.colcon_core.shell:Creating prefix chain script '/home/user/vacuum_robot_ws/install/setup.zsh'
